Using pre-set license
Built from '2020.3/staging' branch; Version is '2020.3.3f1 (76626098c1c4) revision 7758432'; Using compiler version '192528614'; Build Type 'Release'
OS: 'Windows 10 Pro; OS build 19042.985; Version 2009; 64bit' Language: 'ru' Physical Memory: 8190 MB
BatchMode: 1, IsHumanControllingUs: 0, StartBugReporterOnCrash: 0, Is64bit: 1, IsPro: 0

 COMMAND LINE ARGUMENTS:
C:\Program Files\Unity\Hub\Editor\2020.3.3f1\Editor\Unity.exe
-adb2
-batchMode
-noUpm
-name
AssetImportWorker1
-projectPath
F:/trash/Zero/PUSHKA
-logFile
Logs/AssetImportWorker1.log
-srvPort
52499
Successfully changed project path to: F:/trash/Zero/PUSHKA
F:/trash/Zero/PUSHKA
Using Asset Import Pipeline V2.
Refreshing native plugins compatible for Editor in 95.68 ms, found 1 plugins.
Preloading 0 native plugins for Editor in 0.00 ms.
Initialize engine version: 2020.3.3f1 (76626098c1c4)
[Subsystems] Discovering subsystems at path C:/Program Files/Unity/Hub/Editor/2020.3.3f1/Editor/Data/Resources/UnitySubsystems
[Subsystems] Discovering subsystems at path F:/trash/Zero/PUSHKA/Assets
GfxDevice: creating device client; threaded=0
Direct3D:
    Version:  Direct3D 11.0 [level 11.1]
    Renderer: Radeon RX 570 Series (ID=0x67df)
    Vendor:   
    VRAM:     8171 MB
    Driver:   27.20.15003.1004
Shader 'Universal Render Pipeline/Particles/Lit': fallback shader 'Universal Render Pipeline/Particles/SimpleLit' not found
Initialize mono
Mono path[0] = 'C:/Program Files/Unity/Hub/Editor/2020.3.3f1/Editor/Data/Managed'
Mono path[1] = 'C:/Program Files/Unity/Hub/Editor/2020.3.3f1/Editor/Data/MonoBleedingEdge/lib/mono/unityjit'
Mono config path = 'C:/Program Files/Unity/Hub/Editor/2020.3.3f1/Editor/Data/MonoBleedingEdge/etc'
Using monoOptions --debugger-agent=transport=dt_socket,embedding=1,server=y,suspend=n,address=127.0.0.1:56896
Begin MonoManager ReloadAssembly
Registering precompiled unity dll's ...
Register platform support module: C:/Program Files/Unity/Hub/Editor/2020.3.3f1/Editor/Data/PlaybackEngines/WebGLSupport/UnityEditor.WebGL.Extensions.dll
Register platform support module: C:/Program Files/Unity/Hub/Editor/2020.3.3f1/Editor/Data/PlaybackEngines/WindowsStandaloneSupport/UnityEditor.WindowsStandalone.Extensions.dll
Registered in 0.004170 seconds.
Native extension for WindowsStandalone target not found
Native extension for WebGL target not found
Refreshing native plugins compatible for Editor in 105.26 ms, found 1 plugins.
Preloading 0 native plugins for Editor in 0.00 ms.
Invoked RoslynAnalysisRunner static constructor.
RoslynAnalysisRunner will not be running.
RoslynAnalysisRunner has terminated.
Mono: successfully reloaded assembly
- Completed reload, in  2.045 seconds
Platform modules already initialized, skipping
Registering precompiled user dll's ...
Registered in 0.002378 seconds.
Begin MonoManager ReloadAssembly
Native extension for WindowsStandalone target not found
Native extension for WebGL target not found
Refreshing native plugins compatible for Editor in 105.04 ms, found 1 plugins.
Preloading 0 native plugins for Editor in 0.00 ms.
Invoked RoslynAnalysisRunner static constructor.
RoslynAnalysisRunner will not be running.
RoslynAnalysisRunner has terminated.
Mono: successfully reloaded assembly
- Completed reload, in  2.254 seconds
Platform modules already initialized, skipping
========================================================================
Worker process is ready to serve import requests
Shader 'Universal Render Pipeline/Particles/Lit': fallback shader 'Universal Render Pipeline/Particles/SimpleLit' not found
Launched and connected shader compiler UnityShaderCompiler.exe after 0.10 seconds
Refreshing native plugins compatible for Editor in 1.05 ms, found 1 plugins.
Preloading 0 native plugins for Editor in 0.00 ms.
Unloading 3113 Unused Serialized files (Serialized files now loaded: 0)
System memory in use before: 149.5 MB.
System memory in use after: 149.6 MB.

Unloading 25 unused Assets to reduce memory usage. Loaded Objects now: 3575.
Total: 6.386000 ms (FindLiveObjects: 1.253900 ms CreateObjectMapping: 0.260500 ms MarkObjects: 4.639100 ms  DeleteObjects: 0.230500 ms)

========================================================================
Received Import Request.
  path: Assets/Scenes/Guns/GunsSound/morgen.mp3
  artifactKey: Guid(f7b9b68fcdb116d4cbffbe7a05d5a6bc) Importer(815301076,1909f56bfc062723c751e8b465ee728b)
Start importing Assets/Scenes/Guns/GunsSound/morgen.mp3 using Guid(f7b9b68fcdb116d4cbffbe7a05d5a6bc) Importer(815301076,1909f56bfc062723c751e8b465ee728b)  -> (artifact id: '8cef32cf0267e174f6741f8540b7a48e') in 0.276772 seconds
  Import took 0.357237 seconds .

========================================================================
Received Import Request.
  Time since last request: 120.482764 seconds.
  path: Assets/Scenes/Scripts/Gun.cs
  artifactKey: Guid(d3ac86db8f7622147a92ba4b76f54287) Importer(815301076,1909f56bfc062723c751e8b465ee728b)
Start importing Assets/Scenes/Scripts/Gun.cs using Guid(d3ac86db8f7622147a92ba4b76f54287) Importer(815301076,1909f56bfc062723c751e8b465ee728b)  -> (artifact id: '4b2a6a6becf03534278ea2c98870ec83') in 0.022067 seconds
  Import took 0.063332 seconds .

========================================================================
Received Import Request.
  Time since last request: 107.717419 seconds.
  path: Assets/Scenes/Scripts/Gun.cs
  artifactKey: Guid(d3ac86db8f7622147a92ba4b76f54287) Importer(815301076,1909f56bfc062723c751e8b465ee728b)
Start importing Assets/Scenes/Scripts/Gun.cs using Guid(d3ac86db8f7622147a92ba4b76f54287) Importer(815301076,1909f56bfc062723c751e8b465ee728b)  -> (artifact id: '49d7ba78121f8423662070a484d39de6') in 0.001477 seconds
  Import took 0.008385 seconds .

========================================================================
Received Import Request.
  Time since last request: 0.125948 seconds.
  path: Assets/Scenes/Scripts/Gun.cs
  artifactKey: Guid(d3ac86db8f7622147a92ba4b76f54287) Importer(815301076,1909f56bfc062723c751e8b465ee728b)
Start importing Assets/Scenes/Scripts/Gun.cs using Guid(d3ac86db8f7622147a92ba4b76f54287) Importer(815301076,1909f56bfc062723c751e8b465ee728b)  -> (artifact id: '49d7ba78121f8423662070a484d39de6') in 0.002492 seconds
  Import took 0.012952 seconds .

========================================================================
Received Prepare
Registering precompiled user dll's ...
Registered in 0.002784 seconds.
Begin MonoManager ReloadAssembly
Native extension for WindowsStandalone target not found
Native extension for WebGL target not found
Refreshing native plugins compatible for Editor in 0.87 ms, found 1 plugins.
Preloading 0 native plugins for Editor in 0.00 ms.
Invoked RoslynAnalysisRunner static constructor.
RoslynAnalysisRunner will not be running.
RoslynAnalysisRunner has terminated.
Mono: successfully reloaded assembly
- Completed reload, in  2.176 seconds
Platform modules already initialized, skipping
Shader 'Universal Render Pipeline/Particles/Lit': fallback shader 'Universal Render Pipeline/Particles/SimpleLit' not found
Refreshing native plugins compatible for Editor in 0.81 ms, found 1 plugins.
Preloading 0 native plugins for Editor in 0.00 ms.
Unloading 3000 Unused Serialized files (Serialized files now loaded: 0)
System memory in use before: 145.5 MB.
System memory in use after: 145.6 MB.

Unloading 14 unused Assets to reduce memory usage. Loaded Objects now: 3588.
Total: 6.162300 ms (FindLiveObjects: 2.105600 ms CreateObjectMapping: 0.508400 ms MarkObjects: 3.357800 ms  DeleteObjects: 0.188100 ms)

========================================================================
Received Import Request.
  Time since last request: 26.387751 seconds.
  path: Assets/Scenes/Scripts/Gun.cs
  artifactKey: Guid(d3ac86db8f7622147a92ba4b76f54287) Importer(815301076,1909f56bfc062723c751e8b465ee728b)
Start importing Assets/Scenes/Scripts/Gun.cs using Guid(d3ac86db8f7622147a92ba4b76f54287) Importer(815301076,1909f56bfc062723c751e8b465ee728b)  -> (artifact id: '70cd90b6ce119fea9abbd16cb0a2800f') in 0.010003 seconds
  Import took 0.021824 seconds .

========================================================================
Received Import Request.
  Time since last request: 0.107455 seconds.
  path: Assets/Scenes/Scripts/Gun.cs
  artifactKey: Guid(d3ac86db8f7622147a92ba4b76f54287) Importer(815301076,1909f56bfc062723c751e8b465ee728b)
Start importing Assets/Scenes/Scripts/Gun.cs using Guid(d3ac86db8f7622147a92ba4b76f54287) Importer(815301076,1909f56bfc062723c751e8b465ee728b)  -> (artifact id: '70cd90b6ce119fea9abbd16cb0a2800f') in 0.006251 seconds
  Import took 0.017827 seconds .

========================================================================
Received Prepare
Registering precompiled user dll's ...
Registered in 0.002707 seconds.
Begin MonoManager ReloadAssembly
Native extension for WindowsStandalone target not found
Native extension for WebGL target not found
Refreshing native plugins compatible for Editor in 0.86 ms, found 1 plugins.
Preloading 0 native plugins for Editor in 0.00 ms.
Invoked RoslynAnalysisRunner static constructor.
RoslynAnalysisRunner will not be running.
RoslynAnalysisRunner has terminated.
Mono: successfully reloaded assembly
- Completed reload, in  2.044 seconds
Platform modules already initialized, skipping
Shader 'Universal Render Pipeline/Particles/Lit': fallback shader 'Universal Render Pipeline/Particles/SimpleLit' not found
Refreshing native plugins compatible for Editor in 0.80 ms, found 1 plugins.
Preloading 0 native plugins for Editor in 0.00 ms.
Unloading 3000 Unused Serialized files (Serialized files now loaded: 0)
System memory in use before: 145.5 MB.
System memory in use after: 145.6 MB.

Unloading 14 unused Assets to reduce memory usage. Loaded Objects now: 3592.
Total: 3.605800 ms (FindLiveObjects: 0.572100 ms CreateObjectMapping: 0.184000 ms MarkObjects: 2.685200 ms  DeleteObjects: 0.162800 ms)

========================================================================
Received Prepare
Registering precompiled user dll's ...
Registered in 0.001764 seconds.
Begin MonoManager ReloadAssembly
Native extension for WindowsStandalone target not found
Native extension for WebGL target not found
Refreshing native plugins compatible for Editor in 0.86 ms, found 1 plugins.
Preloading 0 native plugins for Editor in 0.00 ms.
Invoked RoslynAnalysisRunner static constructor.
RoslynAnalysisRunner will not be running.
RoslynAnalysisRunner has terminated.
Mono: successfully reloaded assembly
- Completed reload, in  1.648 seconds
Platform modules already initialized, skipping
Shader 'Universal Render Pipeline/Particles/Lit': fallback shader 'Universal Render Pipeline/Particles/SimpleLit' not found
Refreshing native plugins compatible for Editor in 0.80 ms, found 1 plugins.
Preloading 0 native plugins for Editor in 0.00 ms.
Unloading 3000 Unused Serialized files (Serialized files now loaded: 0)
System memory in use before: 145.6 MB.
System memory in use after: 145.6 MB.

Unloading 14 unused Assets to reduce memory usage. Loaded Objects now: 3596.
Total: 4.227700 ms (FindLiveObjects: 0.516900 ms CreateObjectMapping: 0.181000 ms MarkObjects: 3.246900 ms  DeleteObjects: 0.281100 ms)

========================================================================
Received Prepare
Registering precompiled user dll's ...
Registered in 0.002676 seconds.
Begin MonoManager ReloadAssembly
Native extension for WindowsStandalone target not found
Native extension for WebGL target not found
Refreshing native plugins compatible for Editor in 0.81 ms, found 1 plugins.
Preloading 0 native plugins for Editor in 0.00 ms.
Invoked RoslynAnalysisRunner static constructor.
RoslynAnalysisRunner will not be running.
RoslynAnalysisRunner has terminated.
Mono: successfully reloaded assembly
- Completed reload, in  2.188 seconds
Platform modules already initialized, skipping
Shader 'Universal Render Pipeline/Particles/Lit': fallback shader 'Universal Render Pipeline/Particles/SimpleLit' not found
Refreshing native plugins compatible for Editor in 0.94 ms, found 1 plugins.
Preloading 0 native plugins for Editor in 0.00 ms.
Unloading 3000 Unused Serialized files (Serialized files now loaded: 0)
System memory in use before: 145.6 MB.
System memory in use after: 145.7 MB.

Unloading 14 unused Assets to reduce memory usage. Loaded Objects now: 3600.
Total: 3.643000 ms (FindLiveObjects: 0.569300 ms CreateObjectMapping: 0.169200 ms MarkObjects: 2.736400 ms  DeleteObjects: 0.166600 ms)

========================================================================
Received Prepare
Registering precompiled user dll's ...
Registered in 0.002720 seconds.
Begin MonoManager ReloadAssembly
Native extension for WindowsStandalone target not found
Native extension for WebGL target not found
Refreshing native plugins compatible for Editor in 1.73 ms, found 1 plugins.
Preloading 0 native plugins for Editor in 0.00 ms.
Invoked RoslynAnalysisRunner static constructor.
RoslynAnalysisRunner will not be running.
RoslynAnalysisRunner has terminated.
Mono: successfully reloaded assembly
- Completed reload, in  2.435 seconds
Platform modules already initialized, skipping
Shader 'Universal Render Pipeline/Particles/Lit': fallback shader 'Universal Render Pipeline/Particles/SimpleLit' not found
Refreshing native plugins compatible for Editor in 0.88 ms, found 1 plugins.
Preloading 0 native plugins for Editor in 0.00 ms.
Unloading 3000 Unused Serialized files (Serialized files now loaded: 0)
System memory in use before: 145.6 MB.
System memory in use after: 145.7 MB.

Unloading 14 unused Assets to reduce memory usage. Loaded Objects now: 3604.
Total: 6.488600 ms (FindLiveObjects: 1.234300 ms CreateObjectMapping: 0.286100 ms MarkObjects: 4.542700 ms  DeleteObjects: 0.422600 ms)

========================================================================
Received Import Request.
  Time since last request: 163.608810 seconds.
  path: Assets/Scenes/Scripts/Gun.cs
  artifactKey: Guid(d3ac86db8f7622147a92ba4b76f54287) Importer(815301076,1909f56bfc062723c751e8b465ee728b)
Start importing Assets/Scenes/Scripts/Gun.cs using Guid(d3ac86db8f7622147a92ba4b76f54287) Importer(815301076,1909f56bfc062723c751e8b465ee728b)  -> (artifact id: '16bbcd4de8891328afd844df4a738b98') in 0.008810 seconds
  Import took 0.020491 seconds .

========================================================================
Received Prepare
Registering precompiled user dll's ...
Registered in 0.003458 seconds.
Begin MonoManager ReloadAssembly
Native extension for WindowsStandalone target not found
Native extension for WebGL target not found
Refreshing native plugins compatible for Editor in 0.79 ms, found 1 plugins.
Preloading 0 native plugins for Editor in 0.00 ms.
Invoked RoslynAnalysisRunner static constructor.
RoslynAnalysisRunner will not be running.
RoslynAnalysisRunner has terminated.
Mono: successfully reloaded assembly
- Completed reload, in  2.043 seconds
Platform modules already initialized, skipping
Shader 'Universal Render Pipeline/Particles/Lit': fallback shader 'Universal Render Pipeline/Particles/SimpleLit' not found
Refreshing native plugins compatible for Editor in 0.91 ms, found 1 plugins.
Preloading 0 native plugins for Editor in 0.00 ms.
Unloading 3000 Unused Serialized files (Serialized files now loaded: 0)
System memory in use before: 145.6 MB.
System memory in use after: 145.7 MB.

Unloading 14 unused Assets to reduce memory usage. Loaded Objects now: 3608.
Total: 3.591600 ms (FindLiveObjects: 0.569300 ms CreateObjectMapping: 0.184200 ms MarkObjects: 2.670500 ms  DeleteObjects: 0.166300 ms)

========================================================================
Received Prepare
Registering precompiled user dll's ...
Registered in 0.003726 seconds.
Begin MonoManager ReloadAssembly
Native extension for WindowsStandalone target not found
Native extension for WebGL target not found
Refreshing native plugins compatible for Editor in 0.82 ms, found 1 plugins.
Preloading 0 native plugins for Editor in 0.00 ms.
Invoked RoslynAnalysisRunner static constructor.
RoslynAnalysisRunner will not be running.
RoslynAnalysisRunner has terminated.
Mono: successfully reloaded assembly
- Completed reload, in  2.239 seconds
Platform modules already initialized, skipping
Shader 'Universal Render Pipeline/Particles/Lit': fallback shader 'Universal Render Pipeline/Particles/SimpleLit' not found
Refreshing native plugins compatible for Editor in 0.86 ms, found 1 plugins.
Preloading 0 native plugins for Editor in 0.00 ms.
Unloading 3000 Unused Serialized files (Serialized files now loaded: 0)
System memory in use before: 145.6 MB.
System memory in use after: 145.7 MB.

Unloading 14 unused Assets to reduce memory usage. Loaded Objects now: 3612.
Total: 6.373600 ms (FindLiveObjects: 0.571600 ms CreateObjectMapping: 0.382100 ms MarkObjects: 5.244900 ms  DeleteObjects: 0.173300 ms)

========================================================================
Received Import Request.
  Time since last request: 112.898692 seconds.
  path: Assets/Scenes/Scripts/Gun.cs
  artifactKey: Guid(d3ac86db8f7622147a92ba4b76f54287) Importer(815301076,1909f56bfc062723c751e8b465ee728b)
Start importing Assets/Scenes/Scripts/Gun.cs using Guid(d3ac86db8f7622147a92ba4b76f54287) Importer(815301076,1909f56bfc062723c751e8b465ee728b)  -> (artifact id: '0755992fe509dcd8994b9ea5c5982ca5') in 0.007175 seconds
  Import took 0.017888 seconds .

========================================================================
Received Import Request.
  Time since last request: 178.171420 seconds.
  path: Assets/Scenes/Scripts/Gun.cs
  artifactKey: Guid(d3ac86db8f7622147a92ba4b76f54287) Importer(815301076,1909f56bfc062723c751e8b465ee728b)
Start importing Assets/Scenes/Scripts/Gun.cs using Guid(d3ac86db8f7622147a92ba4b76f54287) Importer(815301076,1909f56bfc062723c751e8b465ee728b)  -> (artifact id: 'da3fe2ee7f731672ef9de3f13895dfd1') in 0.001562 seconds
  Import took 0.010036 seconds .

========================================================================
Received Import Request.
  Time since last request: 0.098683 seconds.
  path: Assets/Scenes/Scripts/Gun.cs
  artifactKey: Guid(d3ac86db8f7622147a92ba4b76f54287) Importer(815301076,1909f56bfc062723c751e8b465ee728b)
Start importing Assets/Scenes/Scripts/Gun.cs using Guid(d3ac86db8f7622147a92ba4b76f54287) Importer(815301076,1909f56bfc062723c751e8b465ee728b)  -> (artifact id: 'da3fe2ee7f731672ef9de3f13895dfd1') in 0.001986 seconds
  Import took 0.011718 seconds .

========================================================================
Received Prepare
Registering precompiled user dll's ...
Registered in 0.002209 seconds.
Begin MonoManager ReloadAssembly
Native extension for WindowsStandalone target not found
Native extension for WebGL target not found
Refreshing native plugins compatible for Editor in 0.81 ms, found 1 plugins.
Preloading 0 native plugins for Editor in 0.00 ms.
Invoked RoslynAnalysisRunner static constructor.
RoslynAnalysisRunner will not be running.
RoslynAnalysisRunner has terminated.
Mono: successfully reloaded assembly
- Completed reload, in  1.610 seconds
Platform modules already initialized, skipping
Shader 'Universal Render Pipeline/Particles/Lit': fallback shader 'Universal Render Pipeline/Particles/SimpleLit' not found
Refreshing native plugins compatible for Editor in 0.82 ms, found 1 plugins.
Preloading 0 native plugins for Editor in 0.00 ms.
Unloading 3000 Unused Serialized files (Serialized files now loaded: 0)
System memory in use before: 145.6 MB.
System memory in use after: 145.7 MB.

Unloading 14 unused Assets to reduce memory usage. Loaded Objects now: 3616.
Total: 3.773600 ms (FindLiveObjects: 0.670100 ms CreateObjectMapping: 0.181100 ms MarkObjects: 2.748600 ms  DeleteObjects: 0.172200 ms)

========================================================================
Received Prepare
Registering precompiled user dll's ...
Registered in 0.001807 seconds.
Begin MonoManager ReloadAssembly
Native extension for WindowsStandalone target not found
Native extension for WebGL target not found
Refreshing native plugins compatible for Editor in 0.89 ms, found 1 plugins.
Preloading 0 native plugins for Editor in 0.00 ms.
Invoked RoslynAnalysisRunner static constructor.
RoslynAnalysisRunner will not be running.
RoslynAnalysisRunner has terminated.
Mono: successfully reloaded assembly
- Completed reload, in  2.041 seconds
Platform modules already initialized, skipping
Shader 'Universal Render Pipeline/Particles/Lit': fallback shader 'Universal Render Pipeline/Particles/SimpleLit' not found
Refreshing native plugins compatible for Editor in 0.93 ms, found 1 plugins.
Preloading 0 native plugins for Editor in 0.00 ms.
Unloading 3000 Unused Serialized files (Serialized files now loaded: 0)
System memory in use before: 145.6 MB.
System memory in use after: 145.7 MB.

Unloading 14 unused Assets to reduce memory usage. Loaded Objects now: 3620.
Total: 4.391100 ms (FindLiveObjects: 0.703100 ms CreateObjectMapping: 0.205000 ms MarkObjects: 3.284300 ms  DeleteObjects: 0.197200 ms)

========================================================================
Received Import Request.
  Time since last request: 74.318470 seconds.
  path: Assets/Scenes/Scripts/Gun.cs
  artifactKey: Guid(d3ac86db8f7622147a92ba4b76f54287) Importer(815301076,1909f56bfc062723c751e8b465ee728b)
Start importing Assets/Scenes/Scripts/Gun.cs using Guid(d3ac86db8f7622147a92ba4b76f54287) Importer(815301076,1909f56bfc062723c751e8b465ee728b)  -> (artifact id: '61c87a072f8b7b116208e9c5d2a1fb6a') in 0.007780 seconds
  Import took 0.017824 seconds .

========================================================================
Received Import Request.
  Time since last request: 225.463795 seconds.
  path: Assets/Scenes/Guns/ak47.prefab
  artifactKey: Guid(271f4030f9053c24ebcb24d39f38e65e) Importer(815301076,1909f56bfc062723c751e8b465ee728b)
Start importing Assets/Scenes/Guns/ak47.prefab using Guid(271f4030f9053c24ebcb24d39f38e65e) Importer(815301076,1909f56bfc062723c751e8b465ee728b)  -> (artifact id: '7efb795345701ffbfb6ff76f09d89cfc') in 0.570518 seconds
  Import took 0.598030 seconds .

========================================================================
Received Import Request.
  Time since last request: 0.000244 seconds.
  path: Assets/Scenes/Guns/augA3.prefab
  artifactKey: Guid(f47cc060bafa5cd4cbd6186dc70ae6ea) Importer(815301076,1909f56bfc062723c751e8b465ee728b)
Start importing Assets/Scenes/Guns/augA3.prefab using Guid(f47cc060bafa5cd4cbd6186dc70ae6ea) Importer(815301076,1909f56bfc062723c751e8b465ee728b)  -> (artifact id: 'c0d89e8a4fee40630427b90f67dba49b') in 0.034629 seconds
  Import took 0.053618 seconds .

========================================================================
Received Import Request.
  Time since last request: 0.000209 seconds.
  path: Assets/Scenes/Guns/ump45.prefab
  artifactKey: Guid(5e09bb711b40c664fb56c7831bfd8083) Importer(815301076,1909f56bfc062723c751e8b465ee728b)
Start importing Assets/Scenes/Guns/ump45.prefab using Guid(5e09bb711b40c664fb56c7831bfd8083) Importer(815301076,1909f56bfc062723c751e8b465ee728b)  -> (artifact id: '742d00d2f437cd3a90cb6c71d530170f') in 0.022131 seconds
  Import took 0.038134 seconds .

========================================================================
Received Import Request.
  Time since last request: 0.000704 seconds.
  path: Assets/Scenes/Guns/fnscarH.prefab
  artifactKey: Guid(5642ba537f7f3704a85bb0fd51e1f042) Importer(815301076,1909f56bfc062723c751e8b465ee728b)
Start importing Assets/Scenes/Guns/fnscarH.prefab using Guid(5642ba537f7f3704a85bb0fd51e1f042) Importer(815301076,1909f56bfc062723c751e8b465ee728b)  -> (artifact id: '13613cf34e570e52e461f87e7121f639') in 0.042894 seconds
  Import took 0.052294 seconds .

========================================================================
Received Import Request.
  Time since last request: 0.000199 seconds.
  path: Assets/Scenes/Guns/p90.prefab
  artifactKey: Guid(95d7e17ce94a5cd4889796132247eef3) Importer(815301076,1909f56bfc062723c751e8b465ee728b)
Start importing Assets/Scenes/Guns/p90.prefab using Guid(95d7e17ce94a5cd4889796132247eef3) Importer(815301076,1909f56bfc062723c751e8b465ee728b)  -> (artifact id: '2948fe3b831adc509f46b89ae2e7dca2') in 0.030980 seconds
  Import took 0.049747 seconds .

========================================================================
Received Import Request.
  Time since last request: 0.000221 seconds.
  path: Assets/Scenes/Guns/thompson.prefab
  artifactKey: Guid(5e505b2135fae2046802e50fd100bd0c) Importer(815301076,1909f56bfc062723c751e8b465ee728b)
Start importing Assets/Scenes/Guns/thompson.prefab using Guid(5e505b2135fae2046802e50fd100bd0c) Importer(815301076,1909f56bfc062723c751e8b465ee728b)  -> (artifact id: '1e1f5439c487556bc4b83d8bb7011963') in 0.023083 seconds
  Import took 0.030669 seconds .

========================================================================
Received Prepare
Registering precompiled user dll's ...
Registered in 0.003086 seconds.
Begin MonoManager ReloadAssembly
Native extension for WindowsStandalone target not found
Native extension for WebGL target not found
Refreshing native plugins compatible for Editor in 0.78 ms, found 1 plugins.
Preloading 0 native plugins for Editor in 0.00 ms.
Invoked RoslynAnalysisRunner static constructor.
RoslynAnalysisRunner will not be running.
RoslynAnalysisRunner has terminated.
Mono: successfully reloaded assembly
- Completed reload, in  2.291 seconds
Platform modules already initialized, skipping
Shader 'Universal Render Pipeline/Particles/Lit': fallback shader 'Universal Render Pipeline/Particles/SimpleLit' not found
Refreshing native plugins compatible for Editor in 1.17 ms, found 1 plugins.
Preloading 0 native plugins for Editor in 0.00 ms.
Unloading 3000 Unused Serialized files (Serialized files now loaded: 0)
System memory in use before: 147.8 MB.
System memory in use after: 147.9 MB.

Unloading 14 unused Assets to reduce memory usage. Loaded Objects now: 3663.
Total: 3.889800 ms (FindLiveObjects: 0.610000 ms CreateObjectMapping: 0.168200 ms MarkObjects: 2.768500 ms  DeleteObjects: 0.204800 ms)

========================================================================
Received Prepare
Registering precompiled user dll's ...
Registered in 0.016435 seconds.
Begin MonoManager ReloadAssembly
Native extension for WindowsStandalone target not found
Native extension for WebGL target not found
Refreshing native plugins compatible for Editor in 0.78 ms, found 1 plugins.
Preloading 0 native plugins for Editor in 0.00 ms.
Invoked RoslynAnalysisRunner static constructor.
RoslynAnalysisRunner will not be running.
RoslynAnalysisRunner has terminated.
Mono: successfully reloaded assembly
- Completed reload, in  1.837 seconds
Platform modules already initialized, skipping
Shader 'Universal Render Pipeline/Particles/Lit': fallback shader 'Universal Render Pipeline/Particles/SimpleLit' not found
Refreshing native plugins compatible for Editor in 0.80 ms, found 1 plugins.
Preloading 0 native plugins for Editor in 0.00 ms.
Unloading 3000 Unused Serialized files (Serialized files now loaded: 0)
System memory in use before: 147.9 MB.
System memory in use after: 147.9 MB.

Unloading 14 unused Assets to reduce memory usage. Loaded Objects now: 3667.
Total: 3.650400 ms (FindLiveObjects: 0.539300 ms CreateObjectMapping: 0.172600 ms MarkObjects: 2.764000 ms  DeleteObjects: 0.173100 ms)

========================================================================
Received Prepare
Registering precompiled user dll's ...
Registered in 0.002366 seconds.
Begin MonoManager ReloadAssembly
Native extension for WindowsStandalone target not found
Native extension for WebGL target not found
Refreshing native plugins compatible for Editor in 0.80 ms, found 1 plugins.
Preloading 0 native plugins for Editor in 0.00 ms.
Invoked RoslynAnalysisRunner static constructor.
RoslynAnalysisRunner will not be running.
RoslynAnalysisRunner has terminated.
Mono: successfully reloaded assembly
- Completed reload, in  2.045 seconds
Platform modules already initialized, skipping
Shader 'Universal Render Pipeline/Particles/Lit': fallback shader 'Universal Render Pipeline/Particles/SimpleLit' not found
Refreshing native plugins compatible for Editor in 0.85 ms, found 1 plugins.
Preloading 0 native plugins for Editor in 0.00 ms.
Unloading 3000 Unused Serialized files (Serialized files now loaded: 0)
System memory in use before: 147.9 MB.
System memory in use after: 148.0 MB.

Unloading 14 unused Assets to reduce memory usage. Loaded Objects now: 3671.
Total: 3.636200 ms (FindLiveObjects: 0.518200 ms CreateObjectMapping: 0.181900 ms MarkObjects: 2.761100 ms  DeleteObjects: 0.173400 ms)

========================================================================
Received Prepare
Registering precompiled user dll's ...
Registered in 0.001853 seconds.
Begin MonoManager ReloadAssembly
Native extension for WindowsStandalone target not found
Native extension for WebGL target not found
Refreshing native plugins compatible for Editor in 0.79 ms, found 1 plugins.
Preloading 0 native plugins for Editor in 0.00 ms.
Invoked RoslynAnalysisRunner static constructor.
RoslynAnalysisRunner will not be running.
RoslynAnalysisRunner has terminated.
Mono: successfully reloaded assembly
- Completed reload, in  1.924 seconds
Platform modules already initialized, skipping
Shader 'Universal Render Pipeline/Particles/Lit': fallback shader 'Universal Render Pipeline/Particles/SimpleLit' not found
Refreshing native plugins compatible for Editor in 1.10 ms, found 1 plugins.
Preloading 0 native plugins for Editor in 0.00 ms.
Unloading 3000 Unused Serialized files (Serialized files now loaded: 0)
System memory in use before: 147.9 MB.
System memory in use after: 148.0 MB.

Unloading 14 unused Assets to reduce memory usage. Loaded Objects now: 3675.
Total: 6.139700 ms (FindLiveObjects: 1.087200 ms CreateObjectMapping: 0.509400 ms MarkObjects: 4.303500 ms  DeleteObjects: 0.237200 ms)

========================================================================
Received Prepare
Registering precompiled user dll's ...
Registered in 0.034518 seconds.
Begin MonoManager ReloadAssembly
Native extension for WindowsStandalone target not found
Native extension for WebGL target not found
Refreshing native plugins compatible for Editor in 0.88 ms, found 1 plugins.
Preloading 0 native plugins for Editor in 0.00 ms.
Invoked RoslynAnalysisRunner static constructor.
RoslynAnalysisRunner will not be running.
RoslynAnalysisRunner has terminated.
Mono: successfully reloaded assembly
- Completed reload, in  2.976 seconds
Platform modules already initialized, skipping
Shader 'Universal Render Pipeline/Particles/Lit': fallback shader 'Universal Render Pipeline/Particles/SimpleLit' not found
Refreshing native plugins compatible for Editor in 0.84 ms, found 1 plugins.
Preloading 0 native plugins for Editor in 0.00 ms.
Unloading 3000 Unused Serialized files (Serialized files now loaded: 0)
System memory in use before: 147.9 MB.
System memory in use after: 148.0 MB.

Unloading 14 unused Assets to reduce memory usage. Loaded Objects now: 3679.
Total: 6.675600 ms (FindLiveObjects: 0.732000 ms CreateObjectMapping: 0.236600 ms MarkObjects: 5.182700 ms  DeleteObjects: 0.521000 ms)

========================================================================
Received Prepare
Registering precompiled user dll's ...
Registered in 0.001778 seconds.
Begin MonoManager ReloadAssembly
Native extension for WindowsStandalone target not found
Native extension for WebGL target not found
Refreshing native plugins compatible for Editor in 0.86 ms, found 1 plugins.
Preloading 0 native plugins for Editor in 0.00 ms.
Invoked RoslynAnalysisRunner static constructor.
RoslynAnalysisRunner will not be running.
RoslynAnalysisRunner has terminated.
Mono: successfully reloaded assembly
- Completed reload, in  1.973 seconds
Platform modules already initialized, skipping
Shader 'Universal Render Pipeline/Particles/Lit': fallback shader 'Universal Render Pipeline/Particles/SimpleLit' not found
Refreshing native plugins compatible for Editor in 0.81 ms, found 1 plugins.
Preloading 0 native plugins for Editor in 0.00 ms.
Unloading 3000 Unused Serialized files (Serialized files now loaded: 0)
System memory in use before: 147.9 MB.
System memory in use after: 148.0 MB.

Unloading 14 unused Assets to reduce memory usage. Loaded Objects now: 3683.
Total: 4.783800 ms (FindLiveObjects: 0.693500 ms CreateObjectMapping: 0.205900 ms MarkObjects: 3.687900 ms  DeleteObjects: 0.195100 ms)

========================================================================
Received Prepare
Registering precompiled user dll's ...
Registered in 0.002184 seconds.
Begin MonoManager ReloadAssembly
Native extension for WindowsStandalone target not found
Native extension for WebGL target not found
Refreshing native plugins compatible for Editor in 0.88 ms, found 1 plugins.
Preloading 0 native plugins for Editor in 0.00 ms.
Invoked RoslynAnalysisRunner static constructor.
RoslynAnalysisRunner will not be running.
RoslynAnalysisRunner has terminated.
Mono: successfully reloaded assembly
- Completed reload, in  2.571 seconds
Platform modules already initialized, skipping
Shader 'Universal Render Pipeline/Particles/Lit': fallback shader 'Universal Render Pipeline/Particles/SimpleLit' not found
Refreshing native plugins compatible for Editor in 0.81 ms, found 1 plugins.
Preloading 0 native plugins for Editor in 0.00 ms.
Unloading 3000 Unused Serialized files (Serialized files now loaded: 0)
System memory in use before: 147.9 MB.
System memory in use after: 148.0 MB.

Unloading 14 unused Assets to reduce memory usage. Loaded Objects now: 3687.
Total: 5.725200 ms (FindLiveObjects: 0.622200 ms CreateObjectMapping: 0.394300 ms MarkObjects: 4.457300 ms  DeleteObjects: 0.248800 ms)

========================================================================
Received Prepare
Registering precompiled user dll's ...
Registered in 0.002220 seconds.
Begin MonoManager ReloadAssembly
Native extension for WindowsStandalone target not found
Native extension for WebGL target not found
Refreshing native plugins compatible for Editor in 0.97 ms, found 1 plugins.
Preloading 0 native plugins for Editor in 0.00 ms.
Invoked RoslynAnalysisRunner static constructor.
RoslynAnalysisRunner will not be running.
RoslynAnalysisRunner has terminated.
Mono: successfully reloaded assembly
- Completed reload, in  1.923 seconds
Platform modules already initialized, skipping
Shader 'Universal Render Pipeline/Particles/Lit': fallback shader 'Universal Render Pipeline/Particles/SimpleLit' not found
Refreshing native plugins compatible for Editor in 0.79 ms, found 1 plugins.
Preloading 0 native plugins for Editor in 0.00 ms.
Unloading 3000 Unused Serialized files (Serialized files now loaded: 0)
System memory in use before: 147.9 MB.
System memory in use after: 148.0 MB.

Unloading 14 unused Assets to reduce memory usage. Loaded Objects now: 3691.
Total: 4.543400 ms (FindLiveObjects: 0.584000 ms CreateObjectMapping: 0.182500 ms MarkObjects: 3.491300 ms  DeleteObjects: 0.235700 ms)

========================================================================
Received Prepare
Registering precompiled user dll's ...
Registered in 0.032917 seconds.
Begin MonoManager ReloadAssembly
Native extension for WindowsStandalone target not found
Native extension for WebGL target not found
Refreshing native plugins compatible for Editor in 0.93 ms, found 1 plugins.
Preloading 0 native plugins for Editor in 0.00 ms.
Invoked RoslynAnalysisRunner static constructor.
RoslynAnalysisRunner will not be running.
RoslynAnalysisRunner has terminated.
Mono: successfully reloaded assembly
- Completed reload, in  2.741 seconds
Platform modules already initialized, skipping
Shader 'Universal Render Pipeline/Particles/Lit': fallback shader 'Universal Render Pipeline/Particles/SimpleLit' not found
Refreshing native plugins compatible for Editor in 1.05 ms, found 1 plugins.
Preloading 0 native plugins for Editor in 0.00 ms.
Unloading 3000 Unused Serialized files (Serialized files now loaded: 0)
System memory in use before: 147.9 MB.
System memory in use after: 148.0 MB.

Unloading 14 unused Assets to reduce memory usage. Loaded Objects now: 3695.
Total: 4.323700 ms (FindLiveObjects: 0.685900 ms CreateObjectMapping: 0.337700 ms MarkObjects: 3.126100 ms  DeleteObjects: 0.171900 ms)

========================================================================
Received Prepare
Registering precompiled user dll's ...
Registered in 0.002141 seconds.
Begin MonoManager ReloadAssembly
Native extension for WindowsStandalone target not found
Native extension for WebGL target not found
Refreshing native plugins compatible for Editor in 0.99 ms, found 1 plugins.
Preloading 0 native plugins for Editor in 0.00 ms.
Invoked RoslynAnalysisRunner static constructor.
RoslynAnalysisRunner will not be running.
RoslynAnalysisRunner has terminated.
Mono: successfully reloaded assembly
- Completed reload, in  2.048 seconds
Platform modules already initialized, skipping
Shader 'Universal Render Pipeline/Particles/Lit': fallback shader 'Universal Render Pipeline/Particles/SimpleLit' not found
Refreshing native plugins compatible for Editor in 1.29 ms, found 1 plugins.
Preloading 0 native plugins for Editor in 0.00 ms.
Unloading 3000 Unused Serialized files (Serialized files now loaded: 0)
System memory in use before: 147.9 MB.
System memory in use after: 148.0 MB.

Unloading 14 unused Assets to reduce memory usage. Loaded Objects now: 3699.
Total: 5.368700 ms (FindLiveObjects: 0.772400 ms CreateObjectMapping: 0.238600 ms MarkObjects: 4.135800 ms  DeleteObjects: 0.220200 ms)

========================================================================
Received Prepare
Registering precompiled user dll's ...
Registered in 0.002767 seconds.
Begin MonoManager ReloadAssembly
Native extension for WindowsStandalone target not found
Native extension for WebGL target not found
Refreshing native plugins compatible for Editor in 1.42 ms, found 1 plugins.
Preloading 0 native plugins for Editor in 0.00 ms.
Invoked RoslynAnalysisRunner static constructor.
RoslynAnalysisRunner will not be running.
RoslynAnalysisRunner has terminated.
Mono: successfully reloaded assembly
- Completed reload, in  2.406 seconds
Platform modules already initialized, skipping
Shader 'Universal Render Pipeline/Particles/Lit': fallback shader 'Universal Render Pipeline/Particles/SimpleLit' not found
Refreshing native plugins compatible for Editor in 0.79 ms, found 1 plugins.
Preloading 0 native plugins for Editor in 0.00 ms.
Unloading 3000 Unused Serialized files (Serialized files now loaded: 0)
System memory in use before: 147.9 MB.
System memory in use after: 148.0 MB.

Unloading 14 unused Assets to reduce memory usage. Loaded Objects now: 3703.
Total: 7.142400 ms (FindLiveObjects: 0.674400 ms CreateObjectMapping: 0.178000 ms MarkObjects: 6.066100 ms  DeleteObjects: 0.222500 ms)

========================================================================
Received Prepare
Registering precompiled user dll's ...
Registered in 0.001782 seconds.
Begin MonoManager ReloadAssembly
Native extension for WindowsStandalone target not found
Native extension for WebGL target not found
Refreshing native plugins compatible for Editor in 0.85 ms, found 1 plugins.
Preloading 0 native plugins for Editor in 0.00 ms.
Invoked RoslynAnalysisRunner static constructor.
RoslynAnalysisRunner will not be running.
RoslynAnalysisRunner has terminated.
Mono: successfully reloaded assembly
- Completed reload, in  1.922 seconds
Platform modules already initialized, skipping
Shader 'Universal Render Pipeline/Particles/Lit': fallback shader 'Universal Render Pipeline/Particles/SimpleLit' not found
Refreshing native plugins compatible for Editor in 0.79 ms, found 1 plugins.
Preloading 0 native plugins for Editor in 0.00 ms.
Unloading 3000 Unused Serialized files (Serialized files now loaded: 0)
System memory in use before: 148.0 MB.
System memory in use after: 148.0 MB.

Unloading 14 unused Assets to reduce memory usage. Loaded Objects now: 3707.
Total: 4.916700 ms (FindLiveObjects: 0.563100 ms CreateObjectMapping: 0.224600 ms MarkObjects: 3.915200 ms  DeleteObjects: 0.212000 ms)

========================================================================
Received Prepare
Registering precompiled user dll's ...
Registered in 0.028198 seconds.
Begin MonoManager ReloadAssembly
Native extension for WindowsStandalone target not found
Native extension for WebGL target not found
Refreshing native plugins compatible for Editor in 0.81 ms, found 1 plugins.
Preloading 0 native plugins for Editor in 0.00 ms.
Invoked RoslynAnalysisRunner static constructor.
RoslynAnalysisRunner will not be running.
RoslynAnalysisRunner has terminated.
Mono: successfully reloaded assembly
- Completed reload, in  2.955 seconds
Platform modules already initialized, skipping
Shader 'Universal Render Pipeline/Particles/Lit': fallback shader 'Universal Render Pipeline/Particles/SimpleLit' not found
Refreshing native plugins compatible for Editor in 1.46 ms, found 1 plugins.
Preloading 0 native plugins for Editor in 0.00 ms.
Unloading 3000 Unused Serialized files (Serialized files now loaded: 0)
System memory in use before: 148.0 MB.
System memory in use after: 148.1 MB.

Unloading 14 unused Assets to reduce memory usage. Loaded Objects now: 3711.
Total: 5.986200 ms (FindLiveObjects: 0.576100 ms CreateObjectMapping: 0.172100 ms MarkObjects: 5.043600 ms  DeleteObjects: 0.192900 ms)

========================================================================
Received Prepare
Registering precompiled user dll's ...
Registered in 0.049106 seconds.
Begin MonoManager ReloadAssembly
Native extension for WindowsStandalone target not found
Native extension for WebGL target not found
Refreshing native plugins compatible for Editor in 0.90 ms, found 1 plugins.
Preloading 0 native plugins for Editor in 0.00 ms.
Invoked RoslynAnalysisRunner static constructor.
RoslynAnalysisRunner will not be running.
RoslynAnalysisRunner has terminated.
Mono: successfully reloaded assembly
- Completed reload, in  1.678 seconds
Platform modules already initialized, skipping
Shader 'Universal Render Pipeline/Particles/Lit': fallback shader 'Universal Render Pipeline/Particles/SimpleLit' not found
Refreshing native plugins compatible for Editor in 0.83 ms, found 1 plugins.
Preloading 0 native plugins for Editor in 0.00 ms.
Unloading 3000 Unused Serialized files (Serialized files now loaded: 0)
System memory in use before: 148.0 MB.
System memory in use after: 148.1 MB.

Unloading 14 unused Assets to reduce memory usage. Loaded Objects now: 3715.
Total: 3.894700 ms (FindLiveObjects: 0.585500 ms CreateObjectMapping: 0.173200 ms MarkObjects: 2.943000 ms  DeleteObjects: 0.191600 ms)

========================================================================
Received Prepare
Registering precompiled user dll's ...
Registered in 0.001752 seconds.
Begin MonoManager ReloadAssembly
Native extension for WindowsStandalone target not found
Native extension for WebGL target not found
Refreshing native plugins compatible for Editor in 0.78 ms, found 1 plugins.
Preloading 0 native plugins for Editor in 0.00 ms.
Invoked RoslynAnalysisRunner static constructor.
RoslynAnalysisRunner will not be running.
RoslynAnalysisRunner has terminated.
Mono: successfully reloaded assembly
- Completed reload, in  1.659 seconds
Platform modules already initialized, skipping
Shader 'Universal Render Pipeline/Particles/Lit': fallback shader 'Universal Render Pipeline/Particles/SimpleLit' not found
Refreshing native plugins compatible for Editor in 0.77 ms, found 1 plugins.
Preloading 0 native plugins for Editor in 0.00 ms.
Unloading 3000 Unused Serialized files (Serialized files now loaded: 0)
System memory in use before: 148.0 MB.
System memory in use after: 148.1 MB.

Unloading 14 unused Assets to reduce memory usage. Loaded Objects now: 3719.
Total: 3.655700 ms (FindLiveObjects: 0.546400 ms CreateObjectMapping: 0.155700 ms MarkObjects: 2.788300 ms  DeleteObjects: 0.163800 ms)

========================================================================
Received Prepare
Registering precompiled user dll's ...
Registered in 0.030555 seconds.
Begin MonoManager ReloadAssembly
Native extension for WindowsStandalone target not found
Native extension for WebGL target not found
Refreshing native plugins compatible for Editor in 1.77 ms, found 1 plugins.
Preloading 0 native plugins for Editor in 0.00 ms.
Invoked RoslynAnalysisRunner static constructor.
RoslynAnalysisRunner will not be running.
RoslynAnalysisRunner has terminated.
Mono: successfully reloaded assembly
- Completed reload, in  2.560 seconds
Platform modules already initialized, skipping
Shader 'Universal Render Pipeline/Particles/Lit': fallback shader 'Universal Render Pipeline/Particles/SimpleLit' not found
Refreshing native plugins compatible for Editor in 1.05 ms, found 1 plugins.
Preloading 0 native plugins for Editor in 0.00 ms.
Unloading 3000 Unused Serialized files (Serialized files now loaded: 0)
System memory in use before: 148.0 MB.
System memory in use after: 148.1 MB.

Unloading 14 unused Assets to reduce memory usage. Loaded Objects now: 3723.
Total: 7.030900 ms (FindLiveObjects: 0.931300 ms CreateObjectMapping: 0.459600 ms MarkObjects: 5.271600 ms  DeleteObjects: 0.364900 ms)

========================================================================
Received Prepare
Registering precompiled user dll's ...
Registered in 0.003622 seconds.
Begin MonoManager ReloadAssembly
Native extension for WindowsStandalone target not found
Native extension for WebGL target not found
Refreshing native plugins compatible for Editor in 1.62 ms, found 1 plugins.
Preloading 0 native plugins for Editor in 0.00 ms.
Invoked RoslynAnalysisRunner static constructor.
RoslynAnalysisRunner will not be running.
RoslynAnalysisRunner has terminated.
Mono: successfully reloaded assembly
- Completed reload, in  2.196 seconds
Platform modules already initialized, skipping
Shader 'Universal Render Pipeline/Particles/Lit': fallback shader 'Universal Render Pipeline/Particles/SimpleLit' not found
Refreshing native plugins compatible for Editor in 0.79 ms, found 1 plugins.
Preloading 0 native plugins for Editor in 0.00 ms.
Unloading 3000 Unused Serialized files (Serialized files now loaded: 0)
System memory in use before: 148.0 MB.
System memory in use after: 148.1 MB.

Unloading 14 unused Assets to reduce memory usage. Loaded Objects now: 3727.
Total: 3.791600 ms (FindLiveObjects: 0.602700 ms CreateObjectMapping: 0.171200 ms MarkObjects: 2.852100 ms  DeleteObjects: 0.164300 ms)

========================================================================
Received Prepare
Registering precompiled user dll's ...
Registered in 0.024933 seconds.
Begin MonoManager ReloadAssembly
Native extension for WindowsStandalone target not found
Native extension for WebGL target not found
Refreshing native plugins compatible for Editor in 1.11 ms, found 1 plugins.
Preloading 0 native plugins for Editor in 0.00 ms.
Invoked RoslynAnalysisRunner static constructor.
RoslynAnalysisRunner will not be running.
RoslynAnalysisRunner has terminated.
Mono: successfully reloaded assembly
- Completed reload, in  1.690 seconds
Platform modules already initialized, skipping
Shader 'Universal Render Pipeline/Particles/Lit': fallback shader 'Universal Render Pipeline/Particles/SimpleLit' not found
Refreshing native plugins compatible for Editor in 0.82 ms, found 1 plugins.
Preloading 0 native plugins for Editor in 0.00 ms.
Unloading 3000 Unused Serialized files (Serialized files now loaded: 0)
System memory in use before: 148.0 MB.
System memory in use after: 148.1 MB.

Unloading 14 unused Assets to reduce memory usage. Loaded Objects now: 3731.
Total: 4.637400 ms (FindLiveObjects: 0.842600 ms CreateObjectMapping: 0.234300 ms MarkObjects: 3.377500 ms  DeleteObjects: 0.181500 ms)

========================================================================
Received Prepare
Registering precompiled user dll's ...
Registered in 0.001806 seconds.
Begin MonoManager ReloadAssembly
Native extension for WindowsStandalone target not found
Native extension for WebGL target not found
Refreshing native plugins compatible for Editor in 0.80 ms, found 1 plugins.
Preloading 0 native plugins for Editor in 0.00 ms.
Invoked RoslynAnalysisRunner static constructor.
RoslynAnalysisRunner will not be running.
RoslynAnalysisRunner has terminated.
Mono: successfully reloaded assembly
- Completed reload, in  1.650 seconds
Platform modules already initialized, skipping
Shader 'Universal Render Pipeline/Particles/Lit': fallback shader 'Universal Render Pipeline/Particles/SimpleLit' not found
Refreshing native plugins compatible for Editor in 0.82 ms, found 1 plugins.
Preloading 0 native plugins for Editor in 0.00 ms.
Unloading 3000 Unused Serialized files (Serialized files now loaded: 0)
System memory in use before: 148.0 MB.
System memory in use after: 148.1 MB.

Unloading 14 unused Assets to reduce memory usage. Loaded Objects now: 3735.
Total: 3.815700 ms (FindLiveObjects: 0.533700 ms CreateObjectMapping: 0.166100 ms MarkObjects: 2.942800 ms  DeleteObjects: 0.171100 ms)

========================================================================
Received Prepare
Registering precompiled user dll's ...
Registered in 0.115955 seconds.
Begin MonoManager ReloadAssembly
Native extension for WindowsStandalone target not found
Native extension for WebGL target not found
Refreshing native plugins compatible for Editor in 0.90 ms, found 1 plugins.
Preloading 0 native plugins for Editor in 0.00 ms.
Invoked RoslynAnalysisRunner static constructor.
RoslynAnalysisRunner will not be running.
RoslynAnalysisRunner has terminated.
Mono: successfully reloaded assembly
- Completed reload, in  1.786 seconds
Platform modules already initialized, skipping
Shader 'Universal Render Pipeline/Particles/Lit': fallback shader 'Universal Render Pipeline/Particles/SimpleLit' not found
Refreshing native plugins compatible for Editor in 0.78 ms, found 1 plugins.
Preloading 0 native plugins for Editor in 0.00 ms.
Unloading 3000 Unused Serialized files (Serialized files now loaded: 0)
System memory in use before: 148.0 MB.
System memory in use after: 148.1 MB.

Unloading 14 unused Assets to reduce memory usage. Loaded Objects now: 3739.
Total: 4.087400 ms (FindLiveObjects: 0.804000 ms CreateObjectMapping: 0.263200 ms MarkObjects: 2.849800 ms  DeleteObjects: 0.168600 ms)

========================================================================
Received Prepare
Registering precompiled user dll's ...
Registered in 0.001844 seconds.
Begin MonoManager ReloadAssembly
Native extension for WindowsStandalone target not found
Native extension for WebGL target not found
Refreshing native plugins compatible for Editor in 0.80 ms, found 1 plugins.
Preloading 0 native plugins for Editor in 0.00 ms.
Invoked RoslynAnalysisRunner static constructor.
RoslynAnalysisRunner will not be running.
RoslynAnalysisRunner has terminated.
Mono: successfully reloaded assembly
- Completed reload, in  1.599 seconds
Platform modules already initialized, skipping
Shader 'Universal Render Pipeline/Particles/Lit': fallback shader 'Universal Render Pipeline/Particles/SimpleLit' not found
Refreshing native plugins compatible for Editor in 0.94 ms, found 1 plugins.
Preloading 0 native plugins for Editor in 0.00 ms.
Unloading 3000 Unused Serialized files (Serialized files now loaded: 0)
System memory in use before: 148.0 MB.
System memory in use after: 148.1 MB.

Unloading 14 unused Assets to reduce memory usage. Loaded Objects now: 3743.
Total: 3.675700 ms (FindLiveObjects: 0.512400 ms CreateObjectMapping: 0.157000 ms MarkObjects: 2.841900 ms  DeleteObjects: 0.163200 ms)

========================================================================
Received Prepare
Registering precompiled user dll's ...
Registered in 0.014420 seconds.
Begin MonoManager ReloadAssembly
Native extension for WindowsStandalone target not found
Native extension for WebGL target not found
Refreshing native plugins compatible for Editor in 0.79 ms, found 1 plugins.
Preloading 0 native plugins for Editor in 0.00 ms.
Invoked RoslynAnalysisRunner static constructor.
RoslynAnalysisRunner will not be running.
RoslynAnalysisRunner has terminated.
Mono: successfully reloaded assembly
- Completed reload, in  1.773 seconds
Platform modules already initialized, skipping
Shader 'Universal Render Pipeline/Particles/Lit': fallback shader 'Universal Render Pipeline/Particles/SimpleLit' not found
Refreshing native plugins compatible for Editor in 0.85 ms, found 1 plugins.
Preloading 0 native plugins for Editor in 0.00 ms.
Unloading 3000 Unused Serialized files (Serialized files now loaded: 0)
System memory in use before: 148.0 MB.
System memory in use after: 148.1 MB.

Unloading 14 unused Assets to reduce memory usage. Loaded Objects now: 3747.
Total: 3.896200 ms (FindLiveObjects: 0.681500 ms CreateObjectMapping: 0.198200 ms MarkObjects: 2.836600 ms  DeleteObjects: 0.178000 ms)

========================================================================
Received Prepare
Registering precompiled user dll's ...
Registered in 0.001945 seconds.
Begin MonoManager ReloadAssembly
Native extension for WindowsStandalone target not found
Native extension for WebGL target not found
Refreshing native plugins compatible for Editor in 0.80 ms, found 1 plugins.
Preloading 0 native plugins for Editor in 0.00 ms.
Invoked RoslynAnalysisRunner static constructor.
RoslynAnalysisRunner will not be running.
RoslynAnalysisRunner has terminated.
Mono: successfully reloaded assembly
- Completed reload, in  2.216 seconds
Platform modules already initialized, skipping
Shader 'Universal Render Pipeline/Particles/Lit': fallback shader 'Universal Render Pipeline/Particles/SimpleLit' not found
Refreshing native plugins compatible for Editor in 0.78 ms, found 1 plugins.
Preloading 0 native plugins for Editor in 0.00 ms.
Unloading 3000 Unused Serialized files (Serialized files now loaded: 0)
System memory in use before: 148.0 MB.
System memory in use after: 148.1 MB.

Unloading 14 unused Assets to reduce memory usage. Loaded Objects now: 3751.
Total: 5.116100 ms (FindLiveObjects: 1.153900 ms CreateObjectMapping: 0.242900 ms MarkObjects: 3.525600 ms  DeleteObjects: 0.192200 ms)

========================================================================
Received Prepare
Registering precompiled user dll's ...
Registered in 0.001998 seconds.
Begin MonoManager ReloadAssembly
Native extension for WindowsStandalone target not found
Native extension for WebGL target not found
Refreshing native plugins compatible for Editor in 0.78 ms, found 1 plugins.
Preloading 0 native plugins for Editor in 0.00 ms.
Invoked RoslynAnalysisRunner static constructor.
RoslynAnalysisRunner will not be running.
RoslynAnalysisRunner has terminated.
Mono: successfully reloaded assembly
- Completed reload, in  1.898 seconds
Platform modules already initialized, skipping
Shader 'Universal Render Pipeline/Particles/Lit': fallback shader 'Universal Render Pipeline/Particles/SimpleLit' not found
Refreshing native plugins compatible for Editor in 0.80 ms, found 1 plugins.
Preloading 0 native plugins for Editor in 0.00 ms.
Unloading 3000 Unused Serialized files (Serialized files now loaded: 0)
System memory in use before: 148.1 MB.
System memory in use after: 148.2 MB.

Unloading 14 unused Assets to reduce memory usage. Loaded Objects now: 3755.
Total: 3.890200 ms (FindLiveObjects: 0.698500 ms CreateObjectMapping: 0.230500 ms MarkObjects: 2.788400 ms  DeleteObjects: 0.171100 ms)

========================================================================
Received Prepare
Registering precompiled user dll's ...
Registered in 0.001839 seconds.
Begin MonoManager ReloadAssembly
Native extension for WindowsStandalone target not found
Native extension for WebGL target not found
Refreshing native plugins compatible for Editor in 1.25 ms, found 1 plugins.
Preloading 0 native plugins for Editor in 0.00 ms.
Invoked RoslynAnalysisRunner static constructor.
RoslynAnalysisRunner will not be running.
RoslynAnalysisRunner has terminated.
Mono: successfully reloaded assembly
- Completed reload, in  2.432 seconds
Platform modules already initialized, skipping
Shader 'Universal Render Pipeline/Particles/Lit': fallback shader 'Universal Render Pipeline/Particles/SimpleLit' not found
Refreshing native plugins compatible for Editor in 1.53 ms, found 1 plugins.
Preloading 0 native plugins for Editor in 0.00 ms.
Unloading 3000 Unused Serialized files (Serialized files now loaded: 0)
System memory in use before: 148.1 MB.
System memory in use after: 148.2 MB.

Unloading 14 unused Assets to reduce memory usage. Loaded Objects now: 3759.
Total: 9.270100 ms (FindLiveObjects: 1.564000 ms CreateObjectMapping: 1.107500 ms MarkObjects: 6.408100 ms  DeleteObjects: 0.188400 ms)

========================================================================
Received Prepare
Registering precompiled user dll's ...
Registered in 0.034121 seconds.
Begin MonoManager ReloadAssembly
Native extension for WindowsStandalone target not found
Native extension for WebGL target not found
Refreshing native plugins compatible for Editor in 0.84 ms, found 1 plugins.
Preloading 0 native plugins for Editor in 0.00 ms.
Invoked RoslynAnalysisRunner static constructor.
RoslynAnalysisRunner will not be running.
RoslynAnalysisRunner has terminated.
Mono: successfully reloaded assembly
- Completed reload, in  1.778 seconds
Platform modules already initialized, skipping
Shader 'Universal Render Pipeline/Particles/Lit': fallback shader 'Universal Render Pipeline/Particles/SimpleLit' not found
Refreshing native plugins compatible for Editor in 0.77 ms, found 1 plugins.
Preloading 0 native plugins for Editor in 0.00 ms.
Unloading 3000 Unused Serialized files (Serialized files now loaded: 0)
System memory in use before: 148.1 MB.
System memory in use after: 148.2 MB.

Unloading 14 unused Assets to reduce memory usage. Loaded Objects now: 3763.
Total: 3.994900 ms (FindLiveObjects: 0.765200 ms CreateObjectMapping: 0.212100 ms MarkObjects: 2.789400 ms  DeleteObjects: 0.225800 ms)

========================================================================
Received Prepare
Registering precompiled user dll's ...
Registered in 0.002457 seconds.
Begin MonoManager ReloadAssembly
Native extension for WindowsStandalone target not found
Native extension for WebGL target not found
Refreshing native plugins compatible for Editor in 0.92 ms, found 1 plugins.
Preloading 0 native plugins for Editor in 0.00 ms.
Invoked RoslynAnalysisRunner static constructor.
RoslynAnalysisRunner will not be running.
RoslynAnalysisRunner has terminated.
Mono: successfully reloaded assembly
- Completed reload, in  1.765 seconds
Platform modules already initialized, skipping
Shader 'Universal Render Pipeline/Particles/Lit': fallback shader 'Universal Render Pipeline/Particles/SimpleLit' not found
Refreshing native plugins compatible for Editor in 0.79 ms, found 1 plugins.
Preloading 0 native plugins for Editor in 0.00 ms.
Unloading 3000 Unused Serialized files (Serialized files now loaded: 0)
System memory in use before: 148.1 MB.
System memory in use after: 148.2 MB.

Unloading 14 unused Assets to reduce memory usage. Loaded Objects now: 3767.
Total: 5.078200 ms (FindLiveObjects: 0.609700 ms CreateObjectMapping: 0.174300 ms MarkObjects: 4.086600 ms  DeleteObjects: 0.205500 ms)

========================================================================
Received Prepare
Registering precompiled user dll's ...
Registered in 0.001824 seconds.
Begin MonoManager ReloadAssembly
Native extension for WindowsStandalone target not found
Native extension for WebGL target not found
Refreshing native plugins compatible for Editor in 0.81 ms, found 1 plugins.
Preloading 0 native plugins for Editor in 0.00 ms.
Invoked RoslynAnalysisRunner static constructor.
RoslynAnalysisRunner will not be running.
RoslynAnalysisRunner has terminated.
Mono: successfully reloaded assembly
- Completed reload, in  1.982 seconds
Platform modules already initialized, skipping
Shader 'Universal Render Pipeline/Particles/Lit': fallback shader 'Universal Render Pipeline/Particles/SimpleLit' not found
Refreshing native plugins compatible for Editor in 0.79 ms, found 1 plugins.
Preloading 0 native plugins for Editor in 0.00 ms.
Unloading 3000 Unused Serialized files (Serialized files now loaded: 0)
System memory in use before: 148.1 MB.
System memory in use after: 148.2 MB.

Unloading 14 unused Assets to reduce memory usage. Loaded Objects now: 3771.
Total: 5.425600 ms (FindLiveObjects: 0.828700 ms CreateObjectMapping: 0.227500 ms MarkObjects: 4.136100 ms  DeleteObjects: 0.231400 ms)

========================================================================
Received Prepare
Registering precompiled user dll's ...
Registered in 0.058622 seconds.
Begin MonoManager ReloadAssembly
Native extension for WindowsStandalone target not found
Native extension for WebGL target not found
Refreshing native plugins compatible for Editor in 0.80 ms, found 1 plugins.
Preloading 0 native plugins for Editor in 0.00 ms.
Invoked RoslynAnalysisRunner static constructor.
RoslynAnalysisRunner will not be running.
RoslynAnalysisRunner has terminated.
Mono: successfully reloaded assembly
- Completed reload, in  1.687 seconds
Platform modules already initialized, skipping
Shader 'Universal Render Pipeline/Particles/Lit': fallback shader 'Universal Render Pipeline/Particles/SimpleLit' not found
Refreshing native plugins compatible for Editor in 0.82 ms, found 1 plugins.
Preloading 0 native plugins for Editor in 0.00 ms.
Unloading 3000 Unused Serialized files (Serialized files now loaded: 0)
System memory in use before: 148.1 MB.
System memory in use after: 148.2 MB.

Unloading 14 unused Assets to reduce memory usage. Loaded Objects now: 3775.
Total: 3.693800 ms (FindLiveObjects: 0.562600 ms CreateObjectMapping: 0.158600 ms MarkObjects: 2.804900 ms  DeleteObjects: 0.166200 ms)

========================================================================
Received Prepare
Registering precompiled user dll's ...
Registered in 0.001818 seconds.
Begin MonoManager ReloadAssembly
Native extension for WindowsStandalone target not found
Native extension for WebGL target not found
Refreshing native plugins compatible for Editor in 0.80 ms, found 1 plugins.
Preloading 0 native plugins for Editor in 0.00 ms.
Invoked RoslynAnalysisRunner static constructor.
RoslynAnalysisRunner will not be running.
RoslynAnalysisRunner has terminated.
Mono: successfully reloaded assembly
- Completed reload, in  1.836 seconds
Platform modules already initialized, skipping
Shader 'Universal Render Pipeline/Particles/Lit': fallback shader 'Universal Render Pipeline/Particles/SimpleLit' not found
Refreshing native plugins compatible for Editor in 0.79 ms, found 1 plugins.
Preloading 0 native plugins for Editor in 0.00 ms.
Unloading 3000 Unused Serialized files (Serialized files now loaded: 0)
System memory in use before: 148.1 MB.
System memory in use after: 148.2 MB.

Unloading 14 unused Assets to reduce memory usage. Loaded Objects now: 3779.
Total: 4.096900 ms (FindLiveObjects: 0.595400 ms CreateObjectMapping: 0.183900 ms MarkObjects: 3.151100 ms  DeleteObjects: 0.164800 ms)

========================================================================
Received Prepare
Registering precompiled user dll's ...
Registered in 0.001839 seconds.
Begin MonoManager ReloadAssembly
Native extension for WindowsStandalone target not found
Native extension for WebGL target not found
Refreshing native plugins compatible for Editor in 0.79 ms, found 1 plugins.
Preloading 0 native plugins for Editor in 0.00 ms.
Invoked RoslynAnalysisRunner static constructor.
RoslynAnalysisRunner will not be running.
RoslynAnalysisRunner has terminated.
Mono: successfully reloaded assembly
- Completed reload, in  2.126 seconds
Platform modules already initialized, skipping
Shader 'Universal Render Pipeline/Particles/Lit': fallback shader 'Universal Render Pipeline/Particles/SimpleLit' not found
Refreshing native plugins compatible for Editor in 0.78 ms, found 1 plugins.
Preloading 0 native plugins for Editor in 0.00 ms.
Unloading 3000 Unused Serialized files (Serialized files now loaded: 0)
System memory in use before: 148.1 MB.
System memory in use after: 148.2 MB.

Unloading 14 unused Assets to reduce memory usage. Loaded Objects now: 3783.
Total: 7.137800 ms (FindLiveObjects: 1.066000 ms CreateObjectMapping: 0.462000 ms MarkObjects: 5.205000 ms  DeleteObjects: 0.401300 ms)

========================================================================
Received Prepare
Registering precompiled user dll's ...
Registered in 0.003143 seconds.
Begin MonoManager ReloadAssembly
Native extension for WindowsStandalone target not found
Native extension for WebGL target not found
Refreshing native plugins compatible for Editor in 1.23 ms, found 1 plugins.
Preloading 0 native plugins for Editor in 0.00 ms.
Invoked RoslynAnalysisRunner static constructor.
RoslynAnalysisRunner will not be running.
RoslynAnalysisRunner has terminated.
Mono: successfully reloaded assembly
- Completed reload, in  2.466 seconds
Platform modules already initialized, skipping
Shader 'Universal Render Pipeline/Particles/Lit': fallback shader 'Universal Render Pipeline/Particles/SimpleLit' not found
Refreshing native plugins compatible for Editor in 1.08 ms, found 1 plugins.
Preloading 0 native plugins for Editor in 0.00 ms.
Unloading 3000 Unused Serialized files (Serialized files now loaded: 0)
System memory in use before: 148.1 MB.
System memory in use after: 148.2 MB.

Unloading 14 unused Assets to reduce memory usage. Loaded Objects now: 3787.
Total: 4.142800 ms (FindLiveObjects: 0.807100 ms CreateObjectMapping: 0.157900 ms MarkObjects: 3.003200 ms  DeleteObjects: 0.172400 ms)

========================================================================
Received Prepare
Registering precompiled user dll's ...
Registered in 0.002629 seconds.
Begin MonoManager ReloadAssembly
Native extension for WindowsStandalone target not found
Native extension for WebGL target not found
Refreshing native plugins compatible for Editor in 0.90 ms, found 1 plugins.
Preloading 0 native plugins for Editor in 0.00 ms.
Invoked RoslynAnalysisRunner static constructor.
RoslynAnalysisRunner will not be running.
RoslynAnalysisRunner has terminated.
Mono: successfully reloaded assembly
- Completed reload, in  2.457 seconds
Platform modules already initialized, skipping
Shader 'Universal Render Pipeline/Particles/Lit': fallback shader 'Universal Render Pipeline/Particles/SimpleLit' not found
Refreshing native plugins compatible for Editor in 1.22 ms, found 1 plugins.
Preloading 0 native plugins for Editor in 0.00 ms.
Unloading 3000 Unused Serialized files (Serialized files now loaded: 0)
System memory in use before: 148.1 MB.
System memory in use after: 148.2 MB.

Unloading 14 unused Assets to reduce memory usage. Loaded Objects now: 3791.
Total: 5.851900 ms (FindLiveObjects: 0.808500 ms CreateObjectMapping: 0.272800 ms MarkObjects: 4.300500 ms  DeleteObjects: 0.467700 ms)

========================================================================
Received Prepare
Registering precompiled user dll's ...
Registered in 0.001873 seconds.
Begin MonoManager ReloadAssembly
Native extension for WindowsStandalone target not found
Native extension for WebGL target not found
Refreshing native plugins compatible for Editor in 0.80 ms, found 1 plugins.
Preloading 0 native plugins for Editor in 0.00 ms.
Invoked RoslynAnalysisRunner static constructor.
RoslynAnalysisRunner will not be running.
RoslynAnalysisRunner has terminated.
Mono: successfully reloaded assembly
- Completed reload, in  2.035 seconds
Platform modules already initialized, skipping
Shader 'Universal Render Pipeline/Particles/Lit': fallback shader 'Universal Render Pipeline/Particles/SimpleLit' not found
Refreshing native plugins compatible for Editor in 0.80 ms, found 1 plugins.
Preloading 0 native plugins for Editor in 0.00 ms.
Unloading 3000 Unused Serialized files (Serialized files now loaded: 0)
System memory in use before: 148.1 MB.
System memory in use after: 148.2 MB.

Unloading 14 unused Assets to reduce memory usage. Loaded Objects now: 3795.
Total: 5.498700 ms (FindLiveObjects: 1.179100 ms CreateObjectMapping: 0.564400 ms MarkObjects: 3.586600 ms  DeleteObjects: 0.167100 ms)

========================================================================
Received Prepare
Registering precompiled user dll's ...
Registered in 0.028008 seconds.
Begin MonoManager ReloadAssembly
Native extension for WindowsStandalone target not found
Native extension for WebGL target not found
Refreshing native plugins compatible for Editor in 0.81 ms, found 1 plugins.
Preloading 0 native plugins for Editor in 0.00 ms.
Invoked RoslynAnalysisRunner static constructor.
RoslynAnalysisRunner will not be running.
RoslynAnalysisRunner has terminated.
Mono: successfully reloaded assembly
- Completed reload, in  1.932 seconds
Platform modules already initialized, skipping
Shader 'Universal Render Pipeline/Particles/Lit': fallback shader 'Universal Render Pipeline/Particles/SimpleLit' not found
Refreshing native plugins compatible for Editor in 0.78 ms, found 1 plugins.
Preloading 0 native plugins for Editor in 0.00 ms.
Unloading 3000 Unused Serialized files (Serialized files now loaded: 0)
System memory in use before: 148.1 MB.
System memory in use after: 148.2 MB.

Unloading 14 unused Assets to reduce memory usage. Loaded Objects now: 3799.
Total: 3.974500 ms (FindLiveObjects: 0.713600 ms CreateObjectMapping: 0.280300 ms MarkObjects: 2.811300 ms  DeleteObjects: 0.167900 ms)

========================================================================
Received Import Request.
  Time since last request: 4598.577819 seconds.
  path: Assets/Scenes/Bullet/PiersingBullet.prefab
  artifactKey: Guid(15116a034916669499914e10c5a0c41f) Importer(815301076,1909f56bfc062723c751e8b465ee728b)
Start importing Assets/Scenes/Bullet/PiersingBullet.prefab using Guid(15116a034916669499914e10c5a0c41f) Importer(815301076,1909f56bfc062723c751e8b465ee728b)  -> (artifact id: 'e86051d4eaaf853ba559c20baa0bb707') in 0.284476 seconds
  Import took 0.300674 seconds .

========================================================================
Received Prepare
Registering precompiled user dll's ...
Registered in 0.001939 seconds.
Begin MonoManager ReloadAssembly
Native extension for WindowsStandalone target not found
Native extension for WebGL target not found
Refreshing native plugins compatible for Editor in 0.78 ms, found 1 plugins.
Preloading 0 native plugins for Editor in 0.00 ms.
Invoked RoslynAnalysisRunner static constructor.
RoslynAnalysisRunner will not be running.
RoslynAnalysisRunner has terminated.
Mono: successfully reloaded assembly
- Completed reload, in  1.729 seconds
Platform modules already initialized, skipping
Shader 'Universal Render Pipeline/Particles/Lit': fallback shader 'Universal Render Pipeline/Particles/SimpleLit' not found
Refreshing native plugins compatible for Editor in 0.82 ms, found 1 plugins.
Preloading 0 native plugins for Editor in 0.00 ms.
Unloading 3000 Unused Serialized files (Serialized files now loaded: 0)
System memory in use before: 148.3 MB.
System memory in use after: 148.4 MB.

Unloading 14 unused Assets to reduce memory usage. Loaded Objects now: 3839.
Total: 3.766100 ms (FindLiveObjects: 0.565500 ms CreateObjectMapping: 0.172400 ms MarkObjects: 2.860200 ms  DeleteObjects: 0.166300 ms)

========================================================================
Received Import Request.
  Time since last request: 31.229951 seconds.
  path: Assets/Scenes/Bullet/Bullet.prefab
  artifactKey: Guid(17c05df51fb81e4459f7d9b71d24f207) Importer(815301076,1909f56bfc062723c751e8b465ee728b)
Start importing Assets/Scenes/Bullet/Bullet.prefab using Guid(17c05df51fb81e4459f7d9b71d24f207) Importer(815301076,1909f56bfc062723c751e8b465ee728b)  -> (artifact id: 'a0e008a2e5fec4f49bc7bdb4b9979479') in 0.284790 seconds
  Import took 0.314319 seconds .

========================================================================
Received Import Request.
  Time since last request: 0.000212 seconds.
  path: Assets/Scenes/Bullet/PiersingBullet.prefab
  artifactKey: Guid(15116a034916669499914e10c5a0c41f) Importer(815301076,1909f56bfc062723c751e8b465ee728b)
Start importing Assets/Scenes/Bullet/PiersingBullet.prefab using Guid(15116a034916669499914e10c5a0c41f) Importer(815301076,1909f56bfc062723c751e8b465ee728b)  -> (artifact id: 'ace40459bfd501d85d7f9082c997bb24') in 0.011571 seconds
  Import took 0.029788 seconds .

========================================================================
Received Prepare
Registering precompiled user dll's ...
Registered in 0.001767 seconds.
Begin MonoManager ReloadAssembly
Native extension for WindowsStandalone target not found
Native extension for WebGL target not found
Refreshing native plugins compatible for Editor in 0.95 ms, found 1 plugins.
Preloading 0 native plugins for Editor in 0.00 ms.
Invoked RoslynAnalysisRunner static constructor.
RoslynAnalysisRunner will not be running.
RoslynAnalysisRunner has terminated.
Mono: successfully reloaded assembly
- Completed reload, in  1.764 seconds
Platform modules already initialized, skipping
Shader 'Universal Render Pipeline/Particles/Lit': fallback shader 'Universal Render Pipeline/Particles/SimpleLit' not found
Refreshing native plugins compatible for Editor in 0.92 ms, found 1 plugins.
Preloading 0 native plugins for Editor in 0.00 ms.
Unloading 3000 Unused Serialized files (Serialized files now loaded: 0)
System memory in use before: 148.4 MB.
System memory in use after: 148.5 MB.

Unloading 14 unused Assets to reduce memory usage. Loaded Objects now: 3879.
Total: 4.988600 ms (FindLiveObjects: 0.576200 ms CreateObjectMapping: 0.178400 ms MarkObjects: 4.002900 ms  DeleteObjects: 0.229100 ms)

========================================================================
Received Import Request.
  Time since last request: 16.011960 seconds.
  path: Assets/Scenes/Bullet/Bullet.prefab
  artifactKey: Guid(17c05df51fb81e4459f7d9b71d24f207) Importer(815301076,1909f56bfc062723c751e8b465ee728b)
Start importing Assets/Scenes/Bullet/Bullet.prefab using Guid(17c05df51fb81e4459f7d9b71d24f207) Importer(815301076,1909f56bfc062723c751e8b465ee728b)  -> (artifact id: '686781f0366f964abd75dad9bdda7811') in 0.287791 seconds
  Import took 0.295143 seconds .

========================================================================
Received Import Request.
  Time since last request: 0.000253 seconds.
  path: Assets/Scenes/Bullet/PiersingBullet.prefab
  artifactKey: Guid(15116a034916669499914e10c5a0c41f) Importer(815301076,1909f56bfc062723c751e8b465ee728b)
Start importing Assets/Scenes/Bullet/PiersingBullet.prefab using Guid(15116a034916669499914e10c5a0c41f) Importer(815301076,1909f56bfc062723c751e8b465ee728b)  -> (artifact id: 'efd20f4cc9d3d30bea14035a4e87456e') in 0.012998 seconds
  Import took 0.030321 seconds .

========================================================================
Received Prepare
Registering precompiled user dll's ...
Registered in 0.001771 seconds.
Begin MonoManager ReloadAssembly
Native extension for WindowsStandalone target not found
Native extension for WebGL target not found
Refreshing native plugins compatible for Editor in 1.21 ms, found 1 plugins.
Preloading 0 native plugins for Editor in 0.00 ms.
Invoked RoslynAnalysisRunner static constructor.
RoslynAnalysisRunner will not be running.
RoslynAnalysisRunner has terminated.
Mono: successfully reloaded assembly
- Completed reload, in  1.852 seconds
Platform modules already initialized, skipping
Shader 'Universal Render Pipeline/Particles/Lit': fallback shader 'Universal Render Pipeline/Particles/SimpleLit' not found
Refreshing native plugins compatible for Editor in 0.79 ms, found 1 plugins.
Preloading 0 native plugins for Editor in 0.00 ms.
Unloading 3000 Unused Serialized files (Serialized files now loaded: 0)
System memory in use before: 148.6 MB.
System memory in use after: 148.7 MB.

Unloading 14 unused Assets to reduce memory usage. Loaded Objects now: 3919.
Total: 4.475200 ms (FindLiveObjects: 0.634900 ms CreateObjectMapping: 0.191100 ms MarkObjects: 3.480200 ms  DeleteObjects: 0.167500 ms)

========================================================================
Received Import Request.
  Time since last request: 21.807973 seconds.
  path: Assets/Scenes/Bullet/Bullet Variant.prefab
  artifactKey: Guid(3fe0ba8352be66942b81ff895a5ae504) Importer(815301076,1909f56bfc062723c751e8b465ee728b)
Start importing Assets/Scenes/Bullet/Bullet Variant.prefab using Guid(3fe0ba8352be66942b81ff895a5ae504) Importer(815301076,1909f56bfc062723c751e8b465ee728b)  -> (artifact id: '4bfee119d2bb0269f19b7d03deafe0bf') in 0.268977 seconds
  Import took 0.285352 seconds .

========================================================================
Received Import Request.
  Time since last request: 8.802312 seconds.
  path: Assets/Scenes/Bullet/Fast Bullet.prefab
  artifactKey: Guid(3fe0ba8352be66942b81ff895a5ae504) Importer(815301076,1909f56bfc062723c751e8b465ee728b)
Start importing Assets/Scenes/Bullet/Fast Bullet.prefab using Guid(3fe0ba8352be66942b81ff895a5ae504) Importer(815301076,1909f56bfc062723c751e8b465ee728b)  -> (artifact id: 'ccb5097b0ca8fe4f4bbaf353d451acc5') in 0.014118 seconds
  Import took 0.029037 seconds .

========================================================================
Received Import Request.
  Time since last request: 5.484839 seconds.
  path: Assets/Scenes/Bullet/Fast Bullet.prefab
  artifactKey: Guid(3fe0ba8352be66942b81ff895a5ae504) Importer(815301076,1909f56bfc062723c751e8b465ee728b)
Start importing Assets/Scenes/Bullet/Fast Bullet.prefab using Guid(3fe0ba8352be66942b81ff895a5ae504) Importer(815301076,1909f56bfc062723c751e8b465ee728b)  -> (artifact id: '32bb346c4283e7cdb6145c693da4a742') in 0.009665 seconds
  Import took 0.017691 seconds .

========================================================================
Received Prepare
Registering precompiled user dll's ...
Registered in 0.001828 seconds.
Begin MonoManager ReloadAssembly
Native extension for WindowsStandalone target not found
Native extension for WebGL target not found
Refreshing native plugins compatible for Editor in 0.89 ms, found 1 plugins.
Preloading 0 native plugins for Editor in 0.00 ms.
Invoked RoslynAnalysisRunner static constructor.
RoslynAnalysisRunner will not be running.
RoslynAnalysisRunner has terminated.
Mono: successfully reloaded assembly
- Completed reload, in  1.774 seconds
Platform modules already initialized, skipping
Shader 'Universal Render Pipeline/Particles/Lit': fallback shader 'Universal Render Pipeline/Particles/SimpleLit' not found
Refreshing native plugins compatible for Editor in 1.10 ms, found 1 plugins.
Preloading 0 native plugins for Editor in 0.00 ms.
Unloading 3000 Unused Serialized files (Serialized files now loaded: 0)
System memory in use before: 148.7 MB.
System memory in use after: 148.8 MB.

Unloading 14 unused Assets to reduce memory usage. Loaded Objects now: 3959.
Total: 5.226800 ms (FindLiveObjects: 0.674000 ms CreateObjectMapping: 0.218100 ms MarkObjects: 4.082900 ms  DeleteObjects: 0.249300 ms)

========================================================================
Received Import Request.
  Time since last request: 68.840855 seconds.
  path: Assets/Scenes/Bullet/Fast Bullet.prefab
  artifactKey: Guid(3fe0ba8352be66942b81ff895a5ae504) Importer(815301076,1909f56bfc062723c751e8b465ee728b)
Start importing Assets/Scenes/Bullet/Fast Bullet.prefab using Guid(3fe0ba8352be66942b81ff895a5ae504) Importer(815301076,1909f56bfc062723c751e8b465ee728b)  -> (artifact id: '445a2122a54af5454a1c237b99a1876a') in 0.261838 seconds
  Import took 0.278450 seconds .

========================================================================
Received Prepare
Registering precompiled user dll's ...
Registered in 0.023838 seconds.
Begin MonoManager ReloadAssembly
Native extension for WindowsStandalone target not found
Native extension for WebGL target not found
Refreshing native plugins compatible for Editor in 1.24 ms, found 1 plugins.
Preloading 0 native plugins for Editor in 0.00 ms.
Invoked RoslynAnalysisRunner static constructor.
RoslynAnalysisRunner will not be running.
RoslynAnalysisRunner has terminated.
Mono: successfully reloaded assembly
- Completed reload, in  2.206 seconds
Platform modules already initialized, skipping
Shader 'Universal Render Pipeline/Particles/Lit': fallback shader 'Universal Render Pipeline/Particles/SimpleLit' not found
Refreshing native plugins compatible for Editor in 0.86 ms, found 1 plugins.
Preloading 0 native plugins for Editor in 0.00 ms.
Unloading 3000 Unused Serialized files (Serialized files now loaded: 0)
System memory in use before: 148.8 MB.
System memory in use after: 148.9 MB.

Unloading 14 unused Assets to reduce memory usage. Loaded Objects now: 3999.
Total: 5.579900 ms (FindLiveObjects: 0.576300 ms CreateObjectMapping: 0.177700 ms MarkObjects: 4.574200 ms  DeleteObjects: 0.250000 ms)

========================================================================
Received Import Request.
  Time since last request: 82.112532 seconds.
  path: Assets/Scenes/Bullet/Ak Bullet.prefab
  artifactKey: Guid(53af93ea4757e634a9abcdf2b5e06642) Importer(815301076,1909f56bfc062723c751e8b465ee728b)
Start importing Assets/Scenes/Bullet/Ak Bullet.prefab using Guid(53af93ea4757e634a9abcdf2b5e06642) Importer(815301076,1909f56bfc062723c751e8b465ee728b)  -> (artifact id: '85681f6acc5109e986863052001267a9') in 0.240127 seconds
  Import took 0.258081 seconds .

========================================================================
Received Import Request.
  Time since last request: 24.209843 seconds.
  path: Assets/Scenes/Bullet/Ak Bullet.prefab
  artifactKey: Guid(53af93ea4757e634a9abcdf2b5e06642) Importer(815301076,1909f56bfc062723c751e8b465ee728b)
Start importing Assets/Scenes/Bullet/Ak Bullet.prefab using Guid(53af93ea4757e634a9abcdf2b5e06642) Importer(815301076,1909f56bfc062723c751e8b465ee728b)  -> (artifact id: 'b74a4cc22014250be8af6e25b77fed91') in 0.010430 seconds
  Import took 0.034010 seconds .

========================================================================
Received Prepare
Registering precompiled user dll's ...
Registered in 0.001879 seconds.
Begin MonoManager ReloadAssembly
Native extension for WindowsStandalone target not found
Native extension for WebGL target not found
Refreshing native plugins compatible for Editor in 0.82 ms, found 1 plugins.
Preloading 0 native plugins for Editor in 0.00 ms.
Invoked RoslynAnalysisRunner static constructor.
RoslynAnalysisRunner will not be running.
RoslynAnalysisRunner has terminated.
Mono: successfully reloaded assembly
- Completed reload, in  1.718 seconds
Platform modules already initialized, skipping
Shader 'Universal Render Pipeline/Particles/Lit': fallback shader 'Universal Render Pipeline/Particles/SimpleLit' not found
Refreshing native plugins compatible for Editor in 0.80 ms, found 1 plugins.
Preloading 0 native plugins for Editor in 0.00 ms.
Unloading 3000 Unused Serialized files (Serialized files now loaded: 0)
System memory in use before: 149.1 MB.
System memory in use after: 149.2 MB.

Unloading 14 unused Assets to reduce memory usage. Loaded Objects now: 4039.
Total: 4.069600 ms (FindLiveObjects: 0.603400 ms CreateObjectMapping: 0.196600 ms MarkObjects: 3.097100 ms  DeleteObjects: 0.170900 ms)

========================================================================
Received Import Request.
  Time since last request: 119.769643 seconds.
  path: Assets/Scenes/Bullet/Ak Bullet.prefab
  artifactKey: Guid(53af93ea4757e634a9abcdf2b5e06642) Importer(815301076,1909f56bfc062723c751e8b465ee728b)
Start importing Assets/Scenes/Bullet/Ak Bullet.prefab using Guid(53af93ea4757e634a9abcdf2b5e06642) Importer(815301076,1909f56bfc062723c751e8b465ee728b)  -> (artifact id: '9f8e59d68b2502b829e198e82affc91e') in 0.258170 seconds
  Import took 0.285624 seconds .

========================================================================
Received Prepare
Registering precompiled user dll's ...
Registered in 0.001794 seconds.
Begin MonoManager ReloadAssembly
Native extension for WindowsStandalone target not found
Native extension for WebGL target not found
Refreshing native plugins compatible for Editor in 0.77 ms, found 1 plugins.
Preloading 0 native plugins for Editor in 0.00 ms.
Invoked RoslynAnalysisRunner static constructor.
RoslynAnalysisRunner will not be running.
RoslynAnalysisRunner has terminated.
Mono: successfully reloaded assembly
- Completed reload, in  1.826 seconds
Platform modules already initialized, skipping
Shader 'Universal Render Pipeline/Particles/Lit': fallback shader 'Universal Render Pipeline/Particles/SimpleLit' not found
Refreshing native plugins compatible for Editor in 0.80 ms, found 1 plugins.
Preloading 0 native plugins for Editor in 0.00 ms.
Unloading 3000 Unused Serialized files (Serialized files now loaded: 0)
System memory in use before: 149.2 MB.
System memory in use after: 149.3 MB.

Unloading 14 unused Assets to reduce memory usage. Loaded Objects now: 4079.
Total: 4.716200 ms (FindLiveObjects: 0.645300 ms CreateObjectMapping: 0.173300 ms MarkObjects: 3.719600 ms  DeleteObjects: 0.176800 ms)

========================================================================
Received Import Request.
  Time since last request: 28.521343 seconds.
  path: Assets/Scenes/Bullet/Ak Bullet.prefab
  artifactKey: Guid(53af93ea4757e634a9abcdf2b5e06642) Importer(815301076,1909f56bfc062723c751e8b465ee728b)
Start importing Assets/Scenes/Bullet/Ak Bullet.prefab using Guid(53af93ea4757e634a9abcdf2b5e06642) Importer(815301076,1909f56bfc062723c751e8b465ee728b)  -> (artifact id: '4e423ac714cd16038cc29c54fdfe70f0') in 0.306373 seconds
  Import took 0.329698 seconds .

========================================================================
Received Import Request.
  Time since last request: 0.566416 seconds.
  path: Assets/Scenes/Bullet/PiersingBullet.prefab
  artifactKey: Guid(15116a034916669499914e10c5a0c41f) Importer(815301076,1909f56bfc062723c751e8b465ee728b)
Start importing Assets/Scenes/Bullet/PiersingBullet.prefab using Guid(15116a034916669499914e10c5a0c41f) Importer(815301076,1909f56bfc062723c751e8b465ee728b)  -> (artifact id: '11a021a97ddc36837e8228e07bc1a5cb') in 0.096252 seconds
  Import took 0.106973 seconds .

========================================================================
Received Import Request.
  Time since last request: 2.958673 seconds.
  path: Assets/Scenes/Bullet/PiersingBullet.prefab
  artifactKey: Guid(15116a034916669499914e10c5a0c41f) Importer(815301076,1909f56bfc062723c751e8b465ee728b)
Start importing Assets/Scenes/Bullet/PiersingBullet.prefab using Guid(15116a034916669499914e10c5a0c41f) Importer(815301076,1909f56bfc062723c751e8b465ee728b)  -> (artifact id: '4ad81311b9635fd677bc0fa79fd6ab01') in 0.012596 seconds
  Import took 0.019953 seconds .

========================================================================
Received Prepare
Registering precompiled user dll's ...
Registered in 0.001826 seconds.
Begin MonoManager ReloadAssembly
Native extension for WindowsStandalone target not found
Native extension for WebGL target not found
Refreshing native plugins compatible for Editor in 0.82 ms, found 1 plugins.
Preloading 0 native plugins for Editor in 0.00 ms.
Invoked RoslynAnalysisRunner static constructor.
RoslynAnalysisRunner will not be running.
RoslynAnalysisRunner has terminated.
Mono: successfully reloaded assembly
- Completed reload, in  1.960 seconds
Platform modules already initialized, skipping
Shader 'Universal Render Pipeline/Particles/Lit': fallback shader 'Universal Render Pipeline/Particles/SimpleLit' not found
Refreshing native plugins compatible for Editor in 2.20 ms, found 1 plugins.
Preloading 0 native plugins for Editor in 0.00 ms.
Unloading 3000 Unused Serialized files (Serialized files now loaded: 0)
System memory in use before: 149.3 MB.
System memory in use after: 149.4 MB.

Unloading 14 unused Assets to reduce memory usage. Loaded Objects now: 4119.
Total: 6.056600 ms (FindLiveObjects: 0.706500 ms CreateObjectMapping: 0.222700 ms MarkObjects: 4.919500 ms  DeleteObjects: 0.206100 ms)

========================================================================
Received Prepare
Registering precompiled user dll's ...
Registered in 0.023431 seconds.
Begin MonoManager ReloadAssembly
Native extension for WindowsStandalone target not found
Native extension for WebGL target not found
Refreshing native plugins compatible for Editor in 0.79 ms, found 1 plugins.
Preloading 0 native plugins for Editor in 0.00 ms.
Invoked RoslynAnalysisRunner static constructor.
RoslynAnalysisRunner will not be running.
RoslynAnalysisRunner has terminated.
Mono: successfully reloaded assembly
- Completed reload, in  1.909 seconds
Platform modules already initialized, skipping
Shader 'Universal Render Pipeline/Particles/Lit': fallback shader 'Universal Render Pipeline/Particles/SimpleLit' not found
Refreshing native plugins compatible for Editor in 0.88 ms, found 1 plugins.
Preloading 0 native plugins for Editor in 0.00 ms.
Unloading 3000 Unused Serialized files (Serialized files now loaded: 0)
System memory in use before: 149.3 MB.
System memory in use after: 149.4 MB.

Unloading 14 unused Assets to reduce memory usage. Loaded Objects now: 4123.
Total: 4.140400 ms (FindLiveObjects: 0.565200 ms CreateObjectMapping: 0.169100 ms MarkObjects: 3.236000 ms  DeleteObjects: 0.168500 ms)

========================================================================
Received Import Request.
  Time since last request: 143.816529 seconds.
  path: Assets/Scenes/Bullet/PiersingBullet.prefab
  artifactKey: Guid(15116a034916669499914e10c5a0c41f) Importer(815301076,1909f56bfc062723c751e8b465ee728b)
Start importing Assets/Scenes/Bullet/PiersingBullet.prefab using Guid(15116a034916669499914e10c5a0c41f) Importer(815301076,1909f56bfc062723c751e8b465ee728b)  -> (artifact id: 'f7568c4939deeef9112f34524a233307') in 0.332594 seconds
  Import took 0.354991 seconds .

========================================================================
Received Import Request.
  Time since last request: 0.364681 seconds.
  path: Assets/Scenes/Bullet/PiersingBullet.prefab
  artifactKey: Guid(15116a034916669499914e10c5a0c41f) Importer(815301076,1909f56bfc062723c751e8b465ee728b)
Start importing Assets/Scenes/Bullet/PiersingBullet.prefab using Guid(15116a034916669499914e10c5a0c41f) Importer(815301076,1909f56bfc062723c751e8b465ee728b)  -> (artifact id: 'f7568c4939deeef9112f34524a233307') in 0.010715 seconds
  Import took 0.018483 seconds .

========================================================================
Received Prepare
Registering precompiled user dll's ...
Registered in 0.001999 seconds.
Begin MonoManager ReloadAssembly
Native extension for WindowsStandalone target not found
Native extension for WebGL target not found
Refreshing native plugins compatible for Editor in 0.92 ms, found 1 plugins.
Preloading 0 native plugins for Editor in 0.00 ms.
Invoked RoslynAnalysisRunner static constructor.
RoslynAnalysisRunner will not be running.
RoslynAnalysisRunner has terminated.
Mono: successfully reloaded assembly
- Completed reload, in  1.869 seconds
Platform modules already initialized, skipping
Shader 'Universal Render Pipeline/Particles/Lit': fallback shader 'Universal Render Pipeline/Particles/SimpleLit' not found
Refreshing native plugins compatible for Editor in 0.87 ms, found 1 plugins.
Preloading 0 native plugins for Editor in 0.00 ms.
Unloading 3000 Unused Serialized files (Serialized files now loaded: 0)
System memory in use before: 149.5 MB.
System memory in use after: 149.6 MB.

Unloading 14 unused Assets to reduce memory usage. Loaded Objects now: 4163.
Total: 4.237400 ms (FindLiveObjects: 0.600800 ms CreateObjectMapping: 0.168100 ms MarkObjects: 3.298100 ms  DeleteObjects: 0.169300 ms)

========================================================================
Received Import Request.
  Time since last request: 87.745508 seconds.
  path: Assets/Scenes/Bullet/Ak Bullet.prefab
  artifactKey: Guid(53af93ea4757e634a9abcdf2b5e06642) Importer(815301076,1909f56bfc062723c751e8b465ee728b)
Start importing Assets/Scenes/Bullet/Ak Bullet.prefab using Guid(53af93ea4757e634a9abcdf2b5e06642) Importer(815301076,1909f56bfc062723c751e8b465ee728b)  -> (artifact id: 'fb2b8c0d8643261e80f48025f33fe3eb') in 0.267787 seconds
  Import took 0.312631 seconds .

========================================================================
Received Import Request.
  Time since last request: 0.476876 seconds.
  path: Assets/Scenes/Bullet/Ak Bullet.prefab
  artifactKey: Guid(53af93ea4757e634a9abcdf2b5e06642) Importer(815301076,1909f56bfc062723c751e8b465ee728b)
Start importing Assets/Scenes/Bullet/Ak Bullet.prefab using Guid(53af93ea4757e634a9abcdf2b5e06642) Importer(815301076,1909f56bfc062723c751e8b465ee728b)  -> (artifact id: 'fb2b8c0d8643261e80f48025f33fe3eb') in 0.011382 seconds
  Import took 0.018311 seconds .

========================================================================
Received Prepare
Registering precompiled user dll's ...
Registered in 0.001995 seconds.
Begin MonoManager ReloadAssembly
Native extension for WindowsStandalone target not found
Native extension for WebGL target not found
Refreshing native plugins compatible for Editor in 0.84 ms, found 1 plugins.
Preloading 0 native plugins for Editor in 0.00 ms.
Invoked RoslynAnalysisRunner static constructor.
RoslynAnalysisRunner will not be running.
RoslynAnalysisRunner has terminated.
Mono: successfully reloaded assembly
- Completed reload, in  1.872 seconds
Platform modules already initialized, skipping
Shader 'Universal Render Pipeline/Particles/Lit': fallback shader 'Universal Render Pipeline/Particles/SimpleLit' not found
Refreshing native plugins compatible for Editor in 0.77 ms, found 1 plugins.
Preloading 0 native plugins for Editor in 0.00 ms.
Unloading 3000 Unused Serialized files (Serialized files now loaded: 0)
System memory in use before: 149.6 MB.
System memory in use after: 149.7 MB.

Unloading 14 unused Assets to reduce memory usage. Loaded Objects now: 4203.
Total: 5.462500 ms (FindLiveObjects: 0.583400 ms CreateObjectMapping: 0.189900 ms MarkObjects: 4.433300 ms  DeleteObjects: 0.254400 ms)

========================================================================
Received Prepare
Registering precompiled user dll's ...
Registered in 0.002036 seconds.
Begin MonoManager ReloadAssembly
Native extension for WindowsStandalone target not found
Native extension for WebGL target not found
Refreshing native plugins compatible for Editor in 0.78 ms, found 1 plugins.
Preloading 0 native plugins for Editor in 0.00 ms.
Invoked RoslynAnalysisRunner static constructor.
RoslynAnalysisRunner will not be running.
RoslynAnalysisRunner has terminated.
Mono: successfully reloaded assembly
- Completed reload, in  1.746 seconds
Platform modules already initialized, skipping
Shader 'Universal Render Pipeline/Particles/Lit': fallback shader 'Universal Render Pipeline/Particles/SimpleLit' not found
Refreshing native plugins compatible for Editor in 0.81 ms, found 1 plugins.
Preloading 0 native plugins for Editor in 0.00 ms.
Unloading 3000 Unused Serialized files (Serialized files now loaded: 0)
System memory in use before: 149.6 MB.
System memory in use after: 149.7 MB.

Unloading 14 unused Assets to reduce memory usage. Loaded Objects now: 4207.
Total: 4.612400 ms (FindLiveObjects: 0.604000 ms CreateObjectMapping: 0.158900 ms MarkObjects: 3.671700 ms  DeleteObjects: 0.176400 ms)

========================================================================
Received Import Request.
  Time since last request: 51.910367 seconds.
  path: Assets/Scenes/Bullet/PiersingBullet.prefab
  artifactKey: Guid(15116a034916669499914e10c5a0c41f) Importer(815301076,1909f56bfc062723c751e8b465ee728b)
Start importing Assets/Scenes/Bullet/PiersingBullet.prefab using Guid(15116a034916669499914e10c5a0c41f) Importer(815301076,1909f56bfc062723c751e8b465ee728b)  -> (artifact id: '54b524790d013f8a477a740f0ba9060b') in 0.280434 seconds
  Import took 0.296847 seconds .

========================================================================
Received Prepare
Registering precompiled user dll's ...
Registered in 0.001776 seconds.
Begin MonoManager ReloadAssembly
Native extension for WindowsStandalone target not found
Native extension for WebGL target not found
Refreshing native plugins compatible for Editor in 0.80 ms, found 1 plugins.
Preloading 0 native plugins for Editor in 0.00 ms.
Invoked RoslynAnalysisRunner static constructor.
RoslynAnalysisRunner will not be running.
RoslynAnalysisRunner has terminated.
Mono: successfully reloaded assembly
- Completed reload, in  1.842 seconds
Platform modules already initialized, skipping
Shader 'Universal Render Pipeline/Particles/Lit': fallback shader 'Universal Render Pipeline/Particles/SimpleLit' not found
Refreshing native plugins compatible for Editor in 1.48 ms, found 1 plugins.
Preloading 0 native plugins for Editor in 0.00 ms.
Unloading 3000 Unused Serialized files (Serialized files now loaded: 0)
System memory in use before: 149.8 MB.
System memory in use after: 149.9 MB.

Unloading 14 unused Assets to reduce memory usage. Loaded Objects now: 4247.
Total: 4.660000 ms (FindLiveObjects: 0.784200 ms CreateObjectMapping: 0.271500 ms MarkObjects: 3.414800 ms  DeleteObjects: 0.188000 ms)

AssetImportWorkerClient::OnTransportError - code=2 error=End of file
