Using pre-set license
Built from '2020.3/staging' branch; Version is '2020.3.3f1 (76626098c1c4) revision 7758432'; Using compiler version '192528614'; Build Type 'Release'
OS: 'Windows 10 Home; OS build 19041.928; Version 2004; 64bit' Language: 'ru' Physical Memory: 16333 MB
BatchMode: 1, IsHumanControllingUs: 0, StartBugReporterOnCrash: 0, Is64bit: 1, IsPro: 0

 COMMAND LINE ARGUMENTS:
E:\Unity\2020.3.3f1\Editor\Unity.exe
-adb2
-batchMode
-noUpm
-name
AssetImportWorker0
-projectPath
E:/Repository/Zero/PUSHKA
-logFile
Logs/AssetImportWorker0.log
-srvPort
57090
Successfully changed project path to: E:/Repository/Zero/PUSHKA
E:/Repository/Zero/PUSHKA
Using Asset Import Pipeline V2.
Refreshing native plugins compatible for Editor in 29.70 ms, found 1 plugins.
Preloading 0 native plugins for Editor in 0.00 ms.
Initialize engine version: 2020.3.3f1 (76626098c1c4)
[Subsystems] Discovering subsystems at path E:/Unity/2020.3.3f1/Editor/Data/Resources/UnitySubsystems
[Subsystems] Discovering subsystems at path E:/Repository/Zero/PUSHKA/Assets
GfxDevice: creating device client; threaded=0
Direct3D:
    Version:  Direct3D 11.0 [level 11.1]
    Renderer: NVIDIA GeForce RTX 2070 SUPER (ID=0x1e84)
    Vendor:   
    VRAM:     8011 MB
    Driver:   27.21.14.5730
Initialize mono
Mono path[0] = 'E:/Unity/2020.3.3f1/Editor/Data/Managed'
Mono path[1] = 'E:/Unity/2020.3.3f1/Editor/Data/MonoBleedingEdge/lib/mono/unityjit'
Mono config path = 'E:/Unity/2020.3.3f1/Editor/Data/MonoBleedingEdge/etc'
Using monoOptions --debugger-agent=transport=dt_socket,embedding=1,server=y,suspend=n,address=127.0.0.1:56900
Begin MonoManager ReloadAssembly
Registering precompiled unity dll's ...
Register platform support module: E:/Unity/2020.3.3f1/Editor/Data/PlaybackEngines/WebGLSupport/UnityEditor.WebGL.Extensions.dll
Register platform support module: E:/Unity/2020.3.3f1/Editor/Data/PlaybackEngines/WindowsStandaloneSupport/UnityEditor.WindowsStandalone.Extensions.dll
Registered in 0.001053 seconds.
Native extension for WindowsStandalone target not found
Native extension for WebGL target not found
Refreshing native plugins compatible for Editor in 30.69 ms, found 1 plugins.
Preloading 0 native plugins for Editor in 0.00 ms.
Invoked RoslynAnalysisRunner static constructor.
RoslynAnalysisRunner will not be running.
RoslynAnalysisRunner has terminated.
Mono: successfully reloaded assembly
- Completed reload, in  0.771 seconds
Platform modules already initialized, skipping
Registering precompiled user dll's ...
Registered in 0.000573 seconds.
Begin MonoManager ReloadAssembly
Native extension for WindowsStandalone target not found
Native extension for WebGL target not found
Refreshing native plugins compatible for Editor in 31.72 ms, found 1 plugins.
Preloading 0 native plugins for Editor in 0.00 ms.
Invoked RoslynAnalysisRunner static constructor.
RoslynAnalysisRunner will not be running.
RoslynAnalysisRunner has terminated.
Mono: successfully reloaded assembly
- Completed reload, in  0.724 seconds
Platform modules already initialized, skipping
========================================================================
Worker process is ready to serve import requests
Launched and connected shader compiler UnityShaderCompiler.exe after 0.04 seconds
Refreshing native plugins compatible for Editor in 0.34 ms, found 1 plugins.
Preloading 0 native plugins for Editor in 0.00 ms.
Unloading 1814 Unused Serialized files (Serialized files now loaded: 0)
System memory in use before: 85.0 MB.
System memory in use after: 84.9 MB.

Unloading 24 unused Assets to reduce memory usage. Loaded Objects now: 2256.
Total: 1.950000 ms (FindLiveObjects: 0.347600 ms CreateObjectMapping: 0.049700 ms MarkObjects: 1.443800 ms  DeleteObjects: 0.107800 ms)

========================================================================
Received Import Request.
  path: Assets/Player/Player.cs
  artifactKey: Guid(88b8103b5376f7c43beb71788680429d) Importer(815301076,1909f56bfc062723c751e8b465ee728b)
Start importing Assets/Player/Player.cs using Guid(88b8103b5376f7c43beb71788680429d) Importer(815301076,1909f56bfc062723c751e8b465ee728b)  -> (artifact id: '8ed66910ec5a3d5fbb27c909396714ed') in 0.026007 seconds
  Import took 0.028650 seconds .

========================================================================
Received Import Request.
  Time since last request: 18.029671 seconds.
  path: Assets/Scenes/SampleScene.unity
  artifactKey: Guid(2cda990e2423bbf4892e6590ba056729) Importer(815301076,1909f56bfc062723c751e8b465ee728b)
Start importing Assets/Scenes/SampleScene.unity using Guid(2cda990e2423bbf4892e6590ba056729) Importer(815301076,1909f56bfc062723c751e8b465ee728b)  -> (artifact id: '98a604fadbce218af1f0e37ec268c23c') in 0.010236 seconds
  Import took 0.012797 seconds .

========================================================================
Received Prepare
Registering precompiled user dll's ...
Registered in 0.000673 seconds.
Begin MonoManager ReloadAssembly
Native extension for WindowsStandalone target not found
Native extension for WebGL target not found
Refreshing native plugins compatible for Editor in 0.32 ms, found 1 plugins.
Preloading 0 native plugins for Editor in 0.00 ms.
Invoked RoslynAnalysisRunner static constructor.
RoslynAnalysisRunner will not be running.
RoslynAnalysisRunner has terminated.
Mono: successfully reloaded assembly
- Completed reload, in  0.659 seconds
Platform modules already initialized, skipping
Refreshing native plugins compatible for Editor in 0.33 ms, found 1 plugins.
Preloading 0 native plugins for Editor in 0.00 ms.
Unloading 1809 Unused Serialized files (Serialized files now loaded: 0)
System memory in use before: 85.0 MB.
System memory in use after: 84.9 MB.

Unloading 12 unused Assets to reduce memory usage. Loaded Objects now: 2260.
Total: 1.837700 ms (FindLiveObjects: 0.199500 ms CreateObjectMapping: 0.042900 ms MarkObjects: 1.497600 ms  DeleteObjects: 0.096800 ms)

========================================================================
Received Prepare
Registering precompiled user dll's ...
Registered in 0.000644 seconds.
Begin MonoManager ReloadAssembly
Native extension for WindowsStandalone target not found
Native extension for WebGL target not found
Refreshing native plugins compatible for Editor in 0.37 ms, found 1 plugins.
Preloading 0 native plugins for Editor in 0.00 ms.
Invoked RoslynAnalysisRunner static constructor.
RoslynAnalysisRunner will not be running.
RoslynAnalysisRunner has terminated.
Mono: successfully reloaded assembly
- Completed reload, in  0.664 seconds
Platform modules already initialized, skipping
Refreshing native plugins compatible for Editor in 0.32 ms, found 1 plugins.
Preloading 0 native plugins for Editor in 0.00 ms.
Unloading 1809 Unused Serialized files (Serialized files now loaded: 0)
System memory in use before: 85.0 MB.
System memory in use after: 85.0 MB.

Unloading 12 unused Assets to reduce memory usage. Loaded Objects now: 2264.
Total: 1.842000 ms (FindLiveObjects: 0.203800 ms CreateObjectMapping: 0.039800 ms MarkObjects: 1.481200 ms  DeleteObjects: 0.116200 ms)

========================================================================
Received Prepare
Registering precompiled user dll's ...
Registered in 0.032514 seconds.
Begin MonoManager ReloadAssembly
Native extension for WindowsStandalone target not found
Native extension for WebGL target not found
Refreshing native plugins compatible for Editor in 0.32 ms, found 1 plugins.
Preloading 0 native plugins for Editor in 0.00 ms.
Invoked RoslynAnalysisRunner static constructor.
RoslynAnalysisRunner will not be running.
RoslynAnalysisRunner has terminated.
Mono: successfully reloaded assembly
- Completed reload, in  1.169 seconds
Platform modules already initialized, skipping
Refreshing native plugins compatible for Editor in 0.33 ms, found 1 plugins.
Preloading 0 native plugins for Editor in 0.00 ms.
Unloading 1809 Unused Serialized files (Serialized files now loaded: 0)
System memory in use before: 85.0 MB.
System memory in use after: 85.0 MB.

Unloading 12 unused Assets to reduce memory usage. Loaded Objects now: 2268.
Total: 1.655600 ms (FindLiveObjects: 0.164300 ms CreateObjectMapping: 0.040300 ms MarkObjects: 1.360800 ms  DeleteObjects: 0.089300 ms)

========================================================================
Received Import Request.
  Time since last request: 1217.034391 seconds.
  path: Assets/Gun1.cs
  artifactKey: Guid(d3ac86db8f7622147a92ba4b76f54287) Importer(815301076,1909f56bfc062723c751e8b465ee728b)
Start importing Assets/Gun1.cs using Guid(d3ac86db8f7622147a92ba4b76f54287) Importer(815301076,1909f56bfc062723c751e8b465ee728b)  -> (artifact id: '7c40791a7c7cc05033f0fe75888b4ec8') in 0.007694 seconds
  Import took 0.010441 seconds .

========================================================================
Received Import Request.
  Time since last request: 0.014491 seconds.
  path: Assets/Gun1.cs
  artifactKey: Guid(d3ac86db8f7622147a92ba4b76f54287) Importer(815301076,1909f56bfc062723c751e8b465ee728b)
Start importing Assets/Gun1.cs using Guid(d3ac86db8f7622147a92ba4b76f54287) Importer(815301076,1909f56bfc062723c751e8b465ee728b)  -> (artifact id: '7c40791a7c7cc05033f0fe75888b4ec8') in 0.001666 seconds
  Import took 0.004188 seconds .

========================================================================
Received Import Request.
  Time since last request: 0.872761 seconds.
  path: Assets/Bullet.cs
  artifactKey: Guid(84989c1fba5421d42a0b0e5e453a7cb7) Importer(815301076,1909f56bfc062723c751e8b465ee728b)
Start importing Assets/Bullet.cs using Guid(84989c1fba5421d42a0b0e5e453a7cb7) Importer(815301076,1909f56bfc062723c751e8b465ee728b)  -> (artifact id: 'f63cf5ec21c12270bc6271413e201813') in 0.004674 seconds
  Import took 0.007261 seconds .

========================================================================
Received Import Request.
  Time since last request: 0.000305 seconds.
  path: Assets/Bullet.cs
  artifactKey: Guid(84989c1fba5421d42a0b0e5e453a7cb7) Importer(815301076,1909f56bfc062723c751e8b465ee728b)
Start importing Assets/Bullet.cs using Guid(84989c1fba5421d42a0b0e5e453a7cb7) Importer(815301076,1909f56bfc062723c751e8b465ee728b)  -> (artifact id: 'f63cf5ec21c12270bc6271413e201813') in 0.001657 seconds
  Import took 0.003882 seconds .

========================================================================
Received Prepare
Registering precompiled user dll's ...
Registered in 0.000621 seconds.
Begin MonoManager ReloadAssembly
Native extension for WindowsStandalone target not found
Native extension for WebGL target not found
Refreshing native plugins compatible for Editor in 0.32 ms, found 1 plugins.
Preloading 0 native plugins for Editor in 0.00 ms.
Invoked RoslynAnalysisRunner static constructor.
RoslynAnalysisRunner will not be running.
RoslynAnalysisRunner has terminated.
Mono: successfully reloaded assembly
- Completed reload, in  0.667 seconds
Platform modules already initialized, skipping
Refreshing native plugins compatible for Editor in 0.33 ms, found 1 plugins.
Preloading 0 native plugins for Editor in 0.00 ms.
Unloading 1809 Unused Serialized files (Serialized files now loaded: 0)
System memory in use before: 85.0 MB.
System memory in use after: 85.0 MB.

Unloading 12 unused Assets to reduce memory usage. Loaded Objects now: 2272.
Total: 1.817800 ms (FindLiveObjects: 0.208400 ms CreateObjectMapping: 0.039800 ms MarkObjects: 1.464700 ms  DeleteObjects: 0.104100 ms)

========================================================================
Received Prepare
Registering precompiled user dll's ...
Registered in 0.000717 seconds.
Begin MonoManager ReloadAssembly
Native extension for WindowsStandalone target not found
Native extension for WebGL target not found
Refreshing native plugins compatible for Editor in 0.34 ms, found 1 plugins.
Preloading 0 native plugins for Editor in 0.00 ms.
Invoked RoslynAnalysisRunner static constructor.
RoslynAnalysisRunner will not be running.
RoslynAnalysisRunner has terminated.
Mono: successfully reloaded assembly
- Completed reload, in  0.688 seconds
Platform modules already initialized, skipping
Refreshing native plugins compatible for Editor in 0.31 ms, found 1 plugins.
Preloading 0 native plugins for Editor in 0.00 ms.
Unloading 1809 Unused Serialized files (Serialized files now loaded: 0)
System memory in use before: 85.0 MB.
System memory in use after: 85.0 MB.

Unloading 12 unused Assets to reduce memory usage. Loaded Objects now: 2276.
Total: 1.890600 ms (FindLiveObjects: 0.281900 ms CreateObjectMapping: 0.052000 ms MarkObjects: 1.452500 ms  DeleteObjects: 0.103400 ms)

========================================================================
Received Prepare
Registering precompiled user dll's ...
Registered in 0.000752 seconds.
Begin MonoManager ReloadAssembly
Native extension for WindowsStandalone target not found
Native extension for WebGL target not found
Refreshing native plugins compatible for Editor in 0.38 ms, found 1 plugins.
Preloading 0 native plugins for Editor in 0.00 ms.
Invoked RoslynAnalysisRunner static constructor.
RoslynAnalysisRunner will not be running.
RoslynAnalysisRunner has terminated.
Mono: successfully reloaded assembly
- Completed reload, in  0.710 seconds
Platform modules already initialized, skipping
Refreshing native plugins compatible for Editor in 0.34 ms, found 1 plugins.
Preloading 0 native plugins for Editor in 0.00 ms.
Unloading 1809 Unused Serialized files (Serialized files now loaded: 0)
System memory in use before: 85.1 MB.
System memory in use after: 85.0 MB.

Unloading 12 unused Assets to reduce memory usage. Loaded Objects now: 2280.
Total: 1.970900 ms (FindLiveObjects: 0.236500 ms CreateObjectMapping: 0.044500 ms MarkObjects: 1.574400 ms  DeleteObjects: 0.114100 ms)

========================================================================
Received Import Request.
  Time since last request: 1091.496185 seconds.
  path: Assets/Scenes/Bullet.prefab
  artifactKey: Guid(17c05df51fb81e4459f7d9b71d24f207) Importer(815301076,1909f56bfc062723c751e8b465ee728b)
Start importing Assets/Scenes/Bullet.prefab using Guid(17c05df51fb81e4459f7d9b71d24f207) Importer(815301076,1909f56bfc062723c751e8b465ee728b)  -> (artifact id: '85e5ffb46c34442655be53ffe452ba92') in 0.081737 seconds
  Import took 0.085157 seconds .

========================================================================
Received Prepare
Registering precompiled user dll's ...
Registered in 0.000732 seconds.
Begin MonoManager ReloadAssembly
Native extension for WindowsStandalone target not found
Native extension for WebGL target not found
Refreshing native plugins compatible for Editor in 0.33 ms, found 1 plugins.
Preloading 0 native plugins for Editor in 0.00 ms.
Invoked RoslynAnalysisRunner static constructor.
RoslynAnalysisRunner will not be running.
RoslynAnalysisRunner has terminated.
Mono: successfully reloaded assembly
- Completed reload, in  0.661 seconds
Platform modules already initialized, skipping
Refreshing native plugins compatible for Editor in 0.31 ms, found 1 plugins.
Preloading 0 native plugins for Editor in 0.00 ms.
Unloading 1809 Unused Serialized files (Serialized files now loaded: 0)
System memory in use before: 88.2 MB.
System memory in use after: 88.1 MB.

Unloading 12 unused Assets to reduce memory usage. Loaded Objects now: 2291.
Total: 1.677000 ms (FindLiveObjects: 0.168400 ms CreateObjectMapping: 0.040400 ms MarkObjects: 1.376700 ms  DeleteObjects: 0.090700 ms)

========================================================================
Received Prepare
Registering precompiled user dll's ...
Registered in 0.000638 seconds.
Begin MonoManager ReloadAssembly
Native extension for WindowsStandalone target not found
Native extension for WebGL target not found
Refreshing native plugins compatible for Editor in 0.33 ms, found 1 plugins.
Preloading 0 native plugins for Editor in 0.00 ms.
Invoked RoslynAnalysisRunner static constructor.
RoslynAnalysisRunner will not be running.
RoslynAnalysisRunner has terminated.
Mono: successfully reloaded assembly
- Completed reload, in  0.716 seconds
Platform modules already initialized, skipping
Refreshing native plugins compatible for Editor in 0.32 ms, found 1 plugins.
Preloading 0 native plugins for Editor in 0.00 ms.
Unloading 1810 Unused Serialized files (Serialized files now loaded: 0)
System memory in use before: 88.2 MB.
System memory in use after: 88.2 MB.

Unloading 12 unused Assets to reduce memory usage. Loaded Objects now: 2296.
Total: 1.975000 ms (FindLiveObjects: 0.301800 ms CreateObjectMapping: 0.048900 ms MarkObjects: 1.502700 ms  DeleteObjects: 0.120000 ms)

========================================================================
Received Import Request.
  Time since last request: 966.698630 seconds.
  path: Assets/Spawner.cs
  artifactKey: Guid(eaa491f494a845c4b8ecd640a4868fa2) Importer(815301076,1909f56bfc062723c751e8b465ee728b)
Start importing Assets/Spawner.cs using Guid(eaa491f494a845c4b8ecd640a4868fa2) Importer(815301076,1909f56bfc062723c751e8b465ee728b)  -> (artifact id: '0bc708edfcce7cb2845f4c591aaa76de') in 0.007894 seconds
  Import took 0.010669 seconds .

========================================================================
Received Import Request.
  Time since last request: 40.883589 seconds.
  path: Assets/Zombie.cs
  artifactKey: Guid(9740a3c30e956124285d72c1e10727e8) Importer(815301076,1909f56bfc062723c751e8b465ee728b)
Start importing Assets/Zombie.cs using Guid(9740a3c30e956124285d72c1e10727e8) Importer(815301076,1909f56bfc062723c751e8b465ee728b)  -> (artifact id: 'ea4b44b386df22819aed1b47fb07901f') in 0.005132 seconds
  Import took 0.007882 seconds .

========================================================================
Received Import Request.
  Time since last request: 0.016843 seconds.
  path: Assets/Zombie.cs
  artifactKey: Guid(9740a3c30e956124285d72c1e10727e8) Importer(815301076,1909f56bfc062723c751e8b465ee728b)
Start importing Assets/Zombie.cs using Guid(9740a3c30e956124285d72c1e10727e8) Importer(815301076,1909f56bfc062723c751e8b465ee728b)  -> (artifact id: 'ea4b44b386df22819aed1b47fb07901f') in 0.001951 seconds
  Import took 0.004979 seconds .

========================================================================
Received Import Request.
  Time since last request: 544.556535 seconds.
  path: Assets/IZombie.cs
  artifactKey: Guid(9cf558d897cf55f4688998366604caa9) Importer(815301076,1909f56bfc062723c751e8b465ee728b)
Start importing Assets/IZombie.cs using Guid(9cf558d897cf55f4688998366604caa9) Importer(815301076,1909f56bfc062723c751e8b465ee728b)  -> (artifact id: '8e5721b73a8c96c033752a7d6cb646e9') in 0.006644 seconds
  Import took 0.010153 seconds .

========================================================================
Received Import Request.
  Time since last request: 0.002880 seconds.
  path: Assets/IZombie.cs
  artifactKey: Guid(9cf558d897cf55f4688998366604caa9) Importer(815301076,1909f56bfc062723c751e8b465ee728b)
Start importing Assets/IZombie.cs using Guid(9cf558d897cf55f4688998366604caa9) Importer(815301076,1909f56bfc062723c751e8b465ee728b)  -> (artifact id: '8e5721b73a8c96c033752a7d6cb646e9') in 0.002152 seconds
  Import took 0.005666 seconds .

========================================================================
Received Prepare
Registering precompiled user dll's ...
Registered in 0.000690 seconds.
Begin MonoManager ReloadAssembly
Native extension for WindowsStandalone target not found
Native extension for WebGL target not found
Refreshing native plugins compatible for Editor in 0.35 ms, found 1 plugins.
Preloading 0 native plugins for Editor in 0.00 ms.
Invoked RoslynAnalysisRunner static constructor.
RoslynAnalysisRunner will not be running.
RoslynAnalysisRunner has terminated.
Mono: successfully reloaded assembly
- Completed reload, in  0.706 seconds
Platform modules already initialized, skipping
Refreshing native plugins compatible for Editor in 0.32 ms, found 1 plugins.
Preloading 0 native plugins for Editor in 0.00 ms.
Unloading 1811 Unused Serialized files (Serialized files now loaded: 0)
System memory in use before: 88.2 MB.
System memory in use after: 88.2 MB.

Unloading 12 unused Assets to reduce memory usage. Loaded Objects now: 2301.
Total: 1.957300 ms (FindLiveObjects: 0.222400 ms CreateObjectMapping: 0.048300 ms MarkObjects: 1.579700 ms  DeleteObjects: 0.105600 ms)

========================================================================
Received Prepare
Registering precompiled user dll's ...
Registered in 0.000665 seconds.
Begin MonoManager ReloadAssembly
Native extension for WindowsStandalone target not found
Native extension for WebGL target not found
Refreshing native plugins compatible for Editor in 0.33 ms, found 1 plugins.
Preloading 0 native plugins for Editor in 0.00 ms.
Invoked RoslynAnalysisRunner static constructor.
RoslynAnalysisRunner will not be running.
RoslynAnalysisRunner has terminated.
Mono: successfully reloaded assembly
- Completed reload, in  0.682 seconds
Platform modules already initialized, skipping
Refreshing native plugins compatible for Editor in 0.27 ms, found 1 plugins.
Preloading 0 native plugins for Editor in 0.00 ms.
Unloading 1811 Unused Serialized files (Serialized files now loaded: 0)
System memory in use before: 88.2 MB.
System memory in use after: 88.2 MB.

Unloading 12 unused Assets to reduce memory usage. Loaded Objects now: 2305.
Total: 1.832600 ms (FindLiveObjects: 0.184000 ms CreateObjectMapping: 0.039500 ms MarkObjects: 1.502700 ms  DeleteObjects: 0.105600 ms)

========================================================================
Received Prepare
Registering precompiled user dll's ...
Registered in 0.000725 seconds.
Begin MonoManager ReloadAssembly
Native extension for WindowsStandalone target not found
Native extension for WebGL target not found
Refreshing native plugins compatible for Editor in 0.37 ms, found 1 plugins.
Preloading 0 native plugins for Editor in 0.00 ms.
Invoked RoslynAnalysisRunner static constructor.
RoslynAnalysisRunner will not be running.
RoslynAnalysisRunner has terminated.
Mono: successfully reloaded assembly
- Completed reload, in  0.702 seconds
Platform modules already initialized, skipping
Refreshing native plugins compatible for Editor in 0.35 ms, found 1 plugins.
Preloading 0 native plugins for Editor in 0.00 ms.
Unloading 1811 Unused Serialized files (Serialized files now loaded: 0)
System memory in use before: 88.2 MB.
System memory in use after: 88.2 MB.

Unloading 12 unused Assets to reduce memory usage. Loaded Objects now: 2309.
Total: 1.777400 ms (FindLiveObjects: 0.251200 ms CreateObjectMapping: 0.040700 ms MarkObjects: 1.384500 ms  DeleteObjects: 0.099900 ms)

========================================================================
Received Prepare
Registering precompiled user dll's ...
Registered in 0.000667 seconds.
Begin MonoManager ReloadAssembly
Native extension for WindowsStandalone target not found
Native extension for WebGL target not found
Refreshing native plugins compatible for Editor in 0.33 ms, found 1 plugins.
Preloading 0 native plugins for Editor in 0.00 ms.
Invoked RoslynAnalysisRunner static constructor.
RoslynAnalysisRunner will not be running.
RoslynAnalysisRunner has terminated.
Mono: successfully reloaded assembly
- Completed reload, in  0.697 seconds
Platform modules already initialized, skipping
Refreshing native plugins compatible for Editor in 0.33 ms, found 1 plugins.
Preloading 0 native plugins for Editor in 0.00 ms.
Unloading 1811 Unused Serialized files (Serialized files now loaded: 0)
System memory in use before: 88.2 MB.
System memory in use after: 88.2 MB.

Unloading 12 unused Assets to reduce memory usage. Loaded Objects now: 2313.
Total: 1.897300 ms (FindLiveObjects: 0.226500 ms CreateObjectMapping: 0.038900 ms MarkObjects: 1.522700 ms  DeleteObjects: 0.108200 ms)

========================================================================
Received Import Request.
  Time since last request: 749.321628 seconds.
  path: Assets/IZombie.cs
  artifactKey: Guid(9cf558d897cf55f4688998366604caa9) Importer(815301076,1909f56bfc062723c751e8b465ee728b)
Start importing Assets/IZombie.cs using Guid(9cf558d897cf55f4688998366604caa9) Importer(815301076,1909f56bfc062723c751e8b465ee728b)  -> (artifact id: 'ab4c7f56030801b5ef1788a42157dee4') in 0.003952 seconds
  Import took 0.006540 seconds .

========================================================================
Received Prepare
Registering precompiled user dll's ...
Registered in 0.000647 seconds.
Begin MonoManager ReloadAssembly
Native extension for WindowsStandalone target not found
Native extension for WebGL target not found
Refreshing native plugins compatible for Editor in 0.33 ms, found 1 plugins.
Preloading 0 native plugins for Editor in 0.00 ms.
Invoked RoslynAnalysisRunner static constructor.
RoslynAnalysisRunner will not be running.
RoslynAnalysisRunner has terminated.
Mono: successfully reloaded assembly
- Completed reload, in  0.654 seconds
Platform modules already initialized, skipping
Refreshing native plugins compatible for Editor in 0.31 ms, found 1 plugins.
Preloading 0 native plugins for Editor in 0.00 ms.
Unloading 1810 Unused Serialized files (Serialized files now loaded: 0)
System memory in use before: 88.2 MB.
System memory in use after: 88.2 MB.

Unloading 13 unused Assets to reduce memory usage. Loaded Objects now: 2316.
Total: 2.064100 ms (FindLiveObjects: 0.212600 ms CreateObjectMapping: 0.040400 ms MarkObjects: 1.701500 ms  DeleteObjects: 0.108500 ms)

========================================================================
Received Import Request.
  Time since last request: 43.141068 seconds.
  path: Assets/Spawner.cs
  artifactKey: Guid(eaa491f494a845c4b8ecd640a4868fa2) Importer(815301076,1909f56bfc062723c751e8b465ee728b)
Start importing Assets/Spawner.cs using Guid(eaa491f494a845c4b8ecd640a4868fa2) Importer(815301076,1909f56bfc062723c751e8b465ee728b)  -> (artifact id: '815f0333abdb72ebcf7d57a50b545a0f') in 0.007136 seconds
  Import took 0.009777 seconds .

========================================================================
Received Import Request.
  Time since last request: 120.197390 seconds.
  path: Assets/Bullet.cs
  artifactKey: Guid(84989c1fba5421d42a0b0e5e453a7cb7) Importer(815301076,1909f56bfc062723c751e8b465ee728b)
Start importing Assets/Bullet.cs using Guid(84989c1fba5421d42a0b0e5e453a7cb7) Importer(815301076,1909f56bfc062723c751e8b465ee728b)  -> (artifact id: '8aeabb3dcad01ee1b9212383b429fb23') in 0.005553 seconds
  Import took 0.008450 seconds .

========================================================================
Received Prepare
Registering precompiled user dll's ...
Registered in 0.000700 seconds.
Begin MonoManager ReloadAssembly
Native extension for WindowsStandalone target not found
Native extension for WebGL target not found
Refreshing native plugins compatible for Editor in 0.32 ms, found 1 plugins.
Preloading 0 native plugins for Editor in 0.00 ms.
Invoked RoslynAnalysisRunner static constructor.
RoslynAnalysisRunner will not be running.
RoslynAnalysisRunner has terminated.
Mono: successfully reloaded assembly
- Completed reload, in  0.665 seconds
Platform modules already initialized, skipping
Refreshing native plugins compatible for Editor in 0.37 ms, found 1 plugins.
Preloading 0 native plugins for Editor in 0.00 ms.
Unloading 1810 Unused Serialized files (Serialized files now loaded: 0)
System memory in use before: 88.2 MB.
System memory in use after: 88.2 MB.

Unloading 12 unused Assets to reduce memory usage. Loaded Objects now: 2320.
Total: 2.034700 ms (FindLiveObjects: 0.227100 ms CreateObjectMapping: 0.041000 ms MarkObjects: 1.654900 ms  DeleteObjects: 0.110900 ms)

========================================================================
Received Prepare
Registering precompiled user dll's ...
Registered in 0.000645 seconds.
Begin MonoManager ReloadAssembly
Native extension for WindowsStandalone target not found
Native extension for WebGL target not found
Refreshing native plugins compatible for Editor in 0.36 ms, found 1 plugins.
Preloading 0 native plugins for Editor in 0.00 ms.
Invoked RoslynAnalysisRunner static constructor.
RoslynAnalysisRunner will not be running.
RoslynAnalysisRunner has terminated.
Mono: successfully reloaded assembly
- Completed reload, in  0.653 seconds
Platform modules already initialized, skipping
Refreshing native plugins compatible for Editor in 0.33 ms, found 1 plugins.
Preloading 0 native plugins for Editor in 0.00 ms.
Unloading 1810 Unused Serialized files (Serialized files now loaded: 0)
System memory in use before: 88.2 MB.
System memory in use after: 88.2 MB.

Unloading 12 unused Assets to reduce memory usage. Loaded Objects now: 2324.
Total: 2.129600 ms (FindLiveObjects: 0.210200 ms CreateObjectMapping: 0.047400 ms MarkObjects: 1.756500 ms  DeleteObjects: 0.114300 ms)

========================================================================
Received Prepare
Registering precompiled user dll's ...
Registered in 0.000867 seconds.
Begin MonoManager ReloadAssembly
Native extension for WindowsStandalone target not found
Native extension for WebGL target not found
Refreshing native plugins compatible for Editor in 0.33 ms, found 1 plugins.
Preloading 0 native plugins for Editor in 0.00 ms.
Invoked RoslynAnalysisRunner static constructor.
RoslynAnalysisRunner will not be running.
RoslynAnalysisRunner has terminated.
Mono: successfully reloaded assembly
- Completed reload, in  0.652 seconds
Platform modules already initialized, skipping
Refreshing native plugins compatible for Editor in 0.32 ms, found 1 plugins.
Preloading 0 native plugins for Editor in 0.00 ms.
Unloading 1810 Unused Serialized files (Serialized files now loaded: 0)
System memory in use before: 88.3 MB.
System memory in use after: 88.2 MB.

Unloading 12 unused Assets to reduce memory usage. Loaded Objects now: 2328.
Total: 1.818100 ms (FindLiveObjects: 0.184400 ms CreateObjectMapping: 0.039300 ms MarkObjects: 1.489600 ms  DeleteObjects: 0.103900 ms)

========================================================================
Received Prepare
Registering precompiled user dll's ...
Registered in 0.000670 seconds.
Begin MonoManager ReloadAssembly
Native extension for WindowsStandalone target not found
Native extension for WebGL target not found
Refreshing native plugins compatible for Editor in 0.33 ms, found 1 plugins.
Preloading 0 native plugins for Editor in 0.00 ms.
Invoked RoslynAnalysisRunner static constructor.
RoslynAnalysisRunner will not be running.
RoslynAnalysisRunner has terminated.
Mono: successfully reloaded assembly
- Completed reload, in  0.681 seconds
Platform modules already initialized, skipping
Refreshing native plugins compatible for Editor in 0.31 ms, found 1 plugins.
Preloading 0 native plugins for Editor in 0.00 ms.
Unloading 1810 Unused Serialized files (Serialized files now loaded: 0)
System memory in use before: 88.3 MB.
System memory in use after: 88.2 MB.

Unloading 12 unused Assets to reduce memory usage. Loaded Objects now: 2332.
Total: 1.688800 ms (FindLiveObjects: 0.208800 ms CreateObjectMapping: 0.041900 ms MarkObjects: 1.341200 ms  DeleteObjects: 0.096000 ms)

========================================================================
Received Import Request.
  Time since last request: 425.561341 seconds.
  path: Assets/Scenes/Zombie
  artifactKey: Guid(0ac85ef7f66985841a398e1b5226a562) Importer(815301076,1909f56bfc062723c751e8b465ee728b)
Start importing Assets/Scenes/Zombie using Guid(0ac85ef7f66985841a398e1b5226a562) Importer(815301076,1909f56bfc062723c751e8b465ee728b)  -> (artifact id: '0405c9fadf585f669483a732c7ee0889') in 0.007888 seconds
  Import took 0.010601 seconds .

========================================================================
Received Import Request.
  Time since last request: 8.040573 seconds.
  path: Assets/Scenes/Zombie.prefab
  artifactKey: Guid(085203f3b8c03394cb5c2a201a1b5beb) Importer(815301076,1909f56bfc062723c751e8b465ee728b)
Start importing Assets/Scenes/Zombie.prefab using Guid(085203f3b8c03394cb5c2a201a1b5beb) Importer(815301076,1909f56bfc062723c751e8b465ee728b)  -> (artifact id: 'cfa3a5d44ff8dc0b0cdebf31c7794006') in 0.058751 seconds
  Import took 0.061863 seconds .

========================================================================
Received Import Request.
  Time since last request: 0.003021 seconds.
  path: Assets/Scenes/Zombie.prefab
  artifactKey: Guid(085203f3b8c03394cb5c2a201a1b5beb) Importer(815301076,1909f56bfc062723c751e8b465ee728b)
Start importing Assets/Scenes/Zombie.prefab using Guid(085203f3b8c03394cb5c2a201a1b5beb) Importer(815301076,1909f56bfc062723c751e8b465ee728b)  -> (artifact id: 'cfa3a5d44ff8dc0b0cdebf31c7794006') in 0.005811 seconds
  Import took 0.008684 seconds .

========================================================================
Received Import Request.
  Time since last request: 23.748361 seconds.
  path: Assets/Scenes/Scri
  artifactKey: Guid(1a9ea2db53014a545af20c6e9c672b6d) Importer(815301076,1909f56bfc062723c751e8b465ee728b)
Start importing Assets/Scenes/Scri using Guid(1a9ea2db53014a545af20c6e9c672b6d) Importer(815301076,1909f56bfc062723c751e8b465ee728b)  -> (artifact id: '01631662f8501eb8af86f42b0aaed978') in 0.006029 seconds
  Import took 0.008794 seconds .

========================================================================
Received Import Request.
  Time since last request: 0.002988 seconds.
  path: Assets/Scenes/Scri
  artifactKey: Guid(1a9ea2db53014a545af20c6e9c672b6d) Importer(815301076,1909f56bfc062723c751e8b465ee728b)
Start importing Assets/Scenes/Scri using Guid(1a9ea2db53014a545af20c6e9c672b6d) Importer(815301076,1909f56bfc062723c751e8b465ee728b)  -> (artifact id: '01631662f8501eb8af86f42b0aaed978') in 0.001700 seconds
  Import took 0.004456 seconds .

========================================================================
Received Import Request.
  Time since last request: 21.128314 seconds.
  path: Assets/Scenes/Scripts
  artifactKey: Guid(1a9ea2db53014a545af20c6e9c672b6d) Importer(815301076,1909f56bfc062723c751e8b465ee728b)
Start importing Assets/Scenes/Scripts using Guid(1a9ea2db53014a545af20c6e9c672b6d) Importer(815301076,1909f56bfc062723c751e8b465ee728b)  -> (artifact id: 'e3310a24bf6b252a04b26754dc320569') in 0.006998 seconds
  Import took 0.009743 seconds .

========================================================================
Received Import Request.
  Time since last request: 90.360162 seconds.
  path: Assets/Scenes/Spawner.cs
  artifactKey: Guid(eaa491f494a845c4b8ecd640a4868fa2) Importer(815301076,1909f56bfc062723c751e8b465ee728b)
Start importing Assets/Scenes/Spawner.cs using Guid(eaa491f494a845c4b8ecd640a4868fa2) Importer(815301076,1909f56bfc062723c751e8b465ee728b)  -> (artifact id: '7622bb41427bc37fbb2630ff473078fa') in 0.001584 seconds
  Import took 0.004138 seconds .

========================================================================
Received Import Request.
  Time since last request: 18.076052 seconds.
  path: Assets/Scenes/Bullet
  artifactKey: Guid(19492dc01bbadd3489f3365b3f5587bd) Importer(815301076,1909f56bfc062723c751e8b465ee728b)
Start importing Assets/Scenes/Bullet using Guid(19492dc01bbadd3489f3365b3f5587bd) Importer(815301076,1909f56bfc062723c751e8b465ee728b)  -> (artifact id: '3b00e8be9d3be526f703ce4181ab4e63') in 0.002117 seconds
  Import took 0.005205 seconds .

========================================================================
Received Import Request.
  Time since last request: 102.354418 seconds.
  path: Assets/Scenes/Guns
  artifactKey: Guid(8184df9a2101e294ab775bc60bf9ea32) Importer(815301076,1909f56bfc062723c751e8b465ee728b)
Start importing Assets/Scenes/Guns using Guid(8184df9a2101e294ab775bc60bf9ea32) Importer(815301076,1909f56bfc062723c751e8b465ee728b)  -> (artifact id: '721e624083374fe27681bdb220c14083') in 0.005686 seconds
  Import took 0.009084 seconds .

========================================================================
Received Import Request.
  Time since last request: 33.152478 seconds.
  path: Assets/Scenes/Player/Player.prefab
  artifactKey: Guid(812ac07de209eb944af18645ceaf506b) Importer(815301076,1909f56bfc062723c751e8b465ee728b)
Start importing Assets/Scenes/Player/Player.prefab using Guid(812ac07de209eb944af18645ceaf506b) Importer(815301076,1909f56bfc062723c751e8b465ee728b)  -> (artifact id: '7ba22dad64f49925329d147b256fd181') in 0.019865 seconds
  Import took 0.023012 seconds .

========================================================================
Received Prepare
Registering precompiled user dll's ...
Registered in 0.000687 seconds.
Begin MonoManager ReloadAssembly
Native extension for WindowsStandalone target not found
Native extension for WebGL target not found
Refreshing native plugins compatible for Editor in 0.34 ms, found 1 plugins.
Preloading 0 native plugins for Editor in 0.00 ms.
Invoked RoslynAnalysisRunner static constructor.
RoslynAnalysisRunner will not be running.
RoslynAnalysisRunner has terminated.
Mono: successfully reloaded assembly
- Completed reload, in  0.685 seconds
Platform modules already initialized, skipping
Refreshing native plugins compatible for Editor in 0.33 ms, found 1 plugins.
Preloading 0 native plugins for Editor in 0.00 ms.
Unloading 1810 Unused Serialized files (Serialized files now loaded: 0)
System memory in use before: 88.3 MB.
System memory in use after: 88.3 MB.

Unloading 12 unused Assets to reduce memory usage. Loaded Objects now: 2337.
Total: 1.818800 ms (FindLiveObjects: 0.186900 ms CreateObjectMapping: 0.039900 ms MarkObjects: 1.486900 ms  DeleteObjects: 0.104100 ms)

========================================================================
Received Prepare
Registering precompiled user dll's ...
Registered in 0.000605 seconds.
Begin MonoManager ReloadAssembly
Native extension for WindowsStandalone target not found
Native extension for WebGL target not found
Refreshing native plugins compatible for Editor in 0.33 ms, found 1 plugins.
Preloading 0 native plugins for Editor in 0.00 ms.
Invoked RoslynAnalysisRunner static constructor.
RoslynAnalysisRunner will not be running.
RoslynAnalysisRunner has terminated.
Mono: successfully reloaded assembly
- Completed reload, in  0.664 seconds
Platform modules already initialized, skipping
Refreshing native plugins compatible for Editor in 0.32 ms, found 1 plugins.
Preloading 0 native plugins for Editor in 0.00 ms.
Unloading 1810 Unused Serialized files (Serialized files now loaded: 0)
System memory in use before: 88.3 MB.
System memory in use after: 88.3 MB.

Unloading 12 unused Assets to reduce memory usage. Loaded Objects now: 2341.
Total: 1.893600 ms (FindLiveObjects: 0.206900 ms CreateObjectMapping: 0.040800 ms MarkObjects: 1.540800 ms  DeleteObjects: 0.104100 ms)

AssetImportWorkerClient::OnTransportError - code=2 error=End of file
