Using pre-set license
Built from '2020.3/staging' branch; Version is '2020.3.3f1 (76626098c1c4) revision 7758432'; Using compiler version '192528614'; Build Type 'Release'
OS: 'Windows 10 Home; OS build 19041.985; Version 2004; 64bit' Language: 'ru' Physical Memory: 16333 MB
BatchMode: 1, IsHumanControllingUs: 0, StartBugReporterOnCrash: 0, Is64bit: 1, IsPro: 0

 COMMAND LINE ARGUMENTS:
E:\Unity\2020.3.3f1\Editor\Unity.exe
-adb2
-batchMode
-noUpm
-name
AssetImportWorker0
-projectPath
E:/Repository/Zero/PUSHKA
-logFile
Logs/AssetImportWorker0.log
-srvPort
60083
Successfully changed project path to: E:/Repository/Zero/PUSHKA
E:/Repository/Zero/PUSHKA
Using Asset Import Pipeline V2.
Refreshing native plugins compatible for Editor in 32.43 ms, found 1 plugins.
Preloading 0 native plugins for Editor in 0.00 ms.
Initialize engine version: 2020.3.3f1 (76626098c1c4)
[Subsystems] Discovering subsystems at path E:/Unity/2020.3.3f1/Editor/Data/Resources/UnitySubsystems
[Subsystems] Discovering subsystems at path E:/Repository/Zero/PUSHKA/Assets
GfxDevice: creating device client; threaded=0
Direct3D:
    Version:  Direct3D 11.0 [level 11.1]
    Renderer: NVIDIA GeForce RTX 2070 SUPER (ID=0x1e84)
    Vendor:   
    VRAM:     8011 MB
    Driver:   27.21.14.5730
Initialize mono
Mono path[0] = 'E:/Unity/2020.3.3f1/Editor/Data/Managed'
Mono path[1] = 'E:/Unity/2020.3.3f1/Editor/Data/MonoBleedingEdge/lib/mono/unityjit'
Mono config path = 'E:/Unity/2020.3.3f1/Editor/Data/MonoBleedingEdge/etc'
Using monoOptions --debugger-agent=transport=dt_socket,embedding=1,server=y,suspend=n,address=127.0.0.1:56448
Begin MonoManager ReloadAssembly
Registering precompiled unity dll's ...
Register platform support module: E:/Unity/2020.3.3f1/Editor/Data/PlaybackEngines/WebGLSupport/UnityEditor.WebGL.Extensions.dll
Register platform support module: E:/Unity/2020.3.3f1/Editor/Data/PlaybackEngines/WindowsStandaloneSupport/UnityEditor.WindowsStandalone.Extensions.dll
Registered in 0.000974 seconds.
Native extension for WindowsStandalone target not found
Native extension for WebGL target not found
Refreshing native plugins compatible for Editor in 33.33 ms, found 1 plugins.
Preloading 0 native plugins for Editor in 0.00 ms.
Invoked RoslynAnalysisRunner static constructor.
RoslynAnalysisRunner will not be running.
RoslynAnalysisRunner has terminated.
Mono: successfully reloaded assembly
- Completed reload, in  0.746 seconds
Platform modules already initialized, skipping
Registering precompiled user dll's ...
Registered in 0.000483 seconds.
Begin MonoManager ReloadAssembly
Native extension for WindowsStandalone target not found
Native extension for WebGL target not found
Refreshing native plugins compatible for Editor in 35.19 ms, found 1 plugins.
Preloading 0 native plugins for Editor in 0.00 ms.
Invoked RoslynAnalysisRunner static constructor.
RoslynAnalysisRunner will not be running.
RoslynAnalysisRunner has terminated.
Mono: successfully reloaded assembly
- Completed reload, in  0.738 seconds
Platform modules already initialized, skipping
========================================================================
Worker process is ready to serve import requests
Launched and connected shader compiler UnityShaderCompiler.exe after 0.04 seconds
Refreshing native plugins compatible for Editor in 0.35 ms, found 1 plugins.
Preloading 0 native plugins for Editor in 0.00 ms.
Unloading 1965 Unused Serialized files (Serialized files now loaded: 0)
System memory in use before: 95.9 MB.
System memory in use after: 95.8 MB.

Unloading 25 unused Assets to reduce memory usage. Loaded Objects now: 2420.
Total: 2.009800 ms (FindLiveObjects: 0.322600 ms CreateObjectMapping: 0.058200 ms MarkObjects: 1.509400 ms  DeleteObjects: 0.118600 ms)

========================================================================
Received Import Request.
  path: Assets/Scenes/Zombie/Zombie.prefab
  artifactKey: Guid(e00bc98db4e499f4a82f72611a9da91d) Importer(815301076,1909f56bfc062723c751e8b465ee728b)
Start importing Assets/Scenes/Zombie/Zombie.prefab using Guid(e00bc98db4e499f4a82f72611a9da91d) Importer(815301076,1909f56bfc062723c751e8b465ee728b)  -> (artifact id: '47d187ff2fdffd6373b307250c381aa6') in 0.075839 seconds
  Import took 0.078767 seconds .

========================================================================
Received Import Request.
  Time since last request: 3.690760 seconds.
  path: Assets/Scenes/Bullet/ShotPoint.prefab
  artifactKey: Guid(f095e9bbb0b730d4f8132dbb0fc76f78) Importer(815301076,1909f56bfc062723c751e8b465ee728b)
Start importing Assets/Scenes/Bullet/ShotPoint.prefab using Guid(f095e9bbb0b730d4f8132dbb0fc76f78) Importer(815301076,1909f56bfc062723c751e8b465ee728b)  -> (artifact id: '56a0c70b90570283ba83d5e33c63df3f') in 0.002140 seconds
  Import took 0.004921 seconds .

========================================================================
Received Import Request.
  Time since last request: 0.001228 seconds.
  path: Assets/Scenes/Bullet/ShotPoint.prefab
  artifactKey: Guid(f095e9bbb0b730d4f8132dbb0fc76f78) Importer(815301076,1909f56bfc062723c751e8b465ee728b)
Start importing Assets/Scenes/Bullet/ShotPoint.prefab using Guid(f095e9bbb0b730d4f8132dbb0fc76f78) Importer(815301076,1909f56bfc062723c751e8b465ee728b)  -> (artifact id: '56a0c70b90570283ba83d5e33c63df3f') in 0.001757 seconds
  Import took 0.003729 seconds .

========================================================================
Received Import Request.
  Time since last request: 6.946495 seconds.
  path: Assets/Scenes/Scripts/Zombie.cs
  artifactKey: Guid(9740a3c30e956124285d72c1e10727e8) Importer(815301076,1909f56bfc062723c751e8b465ee728b)
Start importing Assets/Scenes/Scripts/Zombie.cs using Guid(9740a3c30e956124285d72c1e10727e8) Importer(815301076,1909f56bfc062723c751e8b465ee728b)  -> (artifact id: 'cea22154cd26871e6b30458959442701') in 0.005186 seconds
  Import took 0.007656 seconds .

========================================================================
Received Import Request.
  Time since last request: 0.021146 seconds.
  path: Assets/Scenes/Scripts/Zombie.cs
  artifactKey: Guid(9740a3c30e956124285d72c1e10727e8) Importer(815301076,1909f56bfc062723c751e8b465ee728b)
Start importing Assets/Scenes/Scripts/Zombie.cs using Guid(9740a3c30e956124285d72c1e10727e8) Importer(815301076,1909f56bfc062723c751e8b465ee728b)  -> (artifact id: 'cea22154cd26871e6b30458959442701') in 0.000808 seconds
  Import took 0.002799 seconds .

========================================================================
Received Prepare
Refreshing native plugins compatible for Editor in 1.19 ms, found 1 plugins.
Preloading 0 native plugins for Editor in 0.00 ms.
Unloading 10 Unused Serialized files (Serialized files now loaded: 0)
System memory in use before: 60.2 MB.
System memory in use after: 60.2 MB.

Unloading 10 unused Assets to reduce memory usage. Loaded Objects now: 2427.
Total: 2.704700 ms (FindLiveObjects: 0.324500 ms CreateObjectMapping: 0.064100 ms MarkObjects: 2.201400 ms  DeleteObjects: 0.112700 ms)

========================================================================
Received Import Request.
  Time since last request: 57.419963 seconds.
  path: Assets/Scenes/Scripts/Player.cs
  artifactKey: Guid(88b8103b5376f7c43beb71788680429d) Importer(815301076,1909f56bfc062723c751e8b465ee728b)
Start importing Assets/Scenes/Scripts/Player.cs using Guid(88b8103b5376f7c43beb71788680429d) Importer(815301076,1909f56bfc062723c751e8b465ee728b)  -> (artifact id: '8e18fe54db6115e0541b666a53ae12d7') in 0.000948 seconds
  Import took 0.003656 seconds .

========================================================================
Received Import Request.
  Time since last request: 0.002559 seconds.
  path: Assets/Scenes/Scripts/Player.cs
  artifactKey: Guid(88b8103b5376f7c43beb71788680429d) Importer(815301076,1909f56bfc062723c751e8b465ee728b)
Start importing Assets/Scenes/Scripts/Player.cs using Guid(88b8103b5376f7c43beb71788680429d) Importer(815301076,1909f56bfc062723c751e8b465ee728b)  -> (artifact id: '8e18fe54db6115e0541b666a53ae12d7') in 0.000910 seconds
  Import took 0.003346 seconds .

========================================================================
Received Prepare
Registering precompiled user dll's ...
Registered in 0.001063 seconds.
Begin MonoManager ReloadAssembly
Native extension for WindowsStandalone target not found
Native extension for WebGL target not found
Refreshing native plugins compatible for Editor in 0.38 ms, found 1 plugins.
Preloading 0 native plugins for Editor in 0.00 ms.
Invoked RoslynAnalysisRunner static constructor.
RoslynAnalysisRunner will not be running.
RoslynAnalysisRunner has terminated.
Mono: successfully reloaded assembly
- Completed reload, in  0.827 seconds
Platform modules already initialized, skipping
Refreshing native plugins compatible for Editor in 0.47 ms, found 1 plugins.
Preloading 0 native plugins for Editor in 0.00 ms.
Unloading 1958 Unused Serialized files (Serialized files now loaded: 0)
System memory in use before: 98.8 MB.
System memory in use after: 98.8 MB.

Unloading 13 unused Assets to reduce memory usage. Loaded Objects now: 2431.
Total: 3.137800 ms (FindLiveObjects: 0.416800 ms CreateObjectMapping: 0.065200 ms MarkObjects: 2.503000 ms  DeleteObjects: 0.151100 ms)

========================================================================
Received Prepare
Registering precompiled user dll's ...
Registered in 0.000668 seconds.
Begin MonoManager ReloadAssembly
Native extension for WindowsStandalone target not found
Native extension for WebGL target not found
Refreshing native plugins compatible for Editor in 0.29 ms, found 1 plugins.
Preloading 0 native plugins for Editor in 0.00 ms.
Invoked RoslynAnalysisRunner static constructor.
RoslynAnalysisRunner will not be running.
RoslynAnalysisRunner has terminated.
Mono: successfully reloaded assembly
- Completed reload, in  0.667 seconds
Platform modules already initialized, skipping
Refreshing native plugins compatible for Editor in 0.35 ms, found 1 plugins.
Preloading 0 native plugins for Editor in 0.00 ms.
Unloading 1958 Unused Serialized files (Serialized files now loaded: 0)
System memory in use before: 98.8 MB.
System memory in use after: 98.8 MB.

Unloading 13 unused Assets to reduce memory usage. Loaded Objects now: 2435.
Total: 1.894600 ms (FindLiveObjects: 0.208000 ms CreateObjectMapping: 0.052400 ms MarkObjects: 1.537100 ms  DeleteObjects: 0.096300 ms)

========================================================================
Received Prepare
Registering precompiled user dll's ...
Registered in 0.000664 seconds.
Begin MonoManager ReloadAssembly
Native extension for WindowsStandalone target not found
Native extension for WebGL target not found
Refreshing native plugins compatible for Editor in 0.37 ms, found 1 plugins.
Preloading 0 native plugins for Editor in 0.00 ms.
Invoked RoslynAnalysisRunner static constructor.
RoslynAnalysisRunner will not be running.
RoslynAnalysisRunner has terminated.
Mono: successfully reloaded assembly
- Completed reload, in  0.659 seconds
Platform modules already initialized, skipping
Refreshing native plugins compatible for Editor in 0.34 ms, found 1 plugins.
Preloading 0 native plugins for Editor in 0.00 ms.
Unloading 1958 Unused Serialized files (Serialized files now loaded: 0)
System memory in use before: 98.8 MB.
System memory in use after: 98.8 MB.

Unloading 13 unused Assets to reduce memory usage. Loaded Objects now: 2439.
Total: 1.801100 ms (FindLiveObjects: 0.197700 ms CreateObjectMapping: 0.049800 ms MarkObjects: 1.469500 ms  DeleteObjects: 0.083200 ms)

AssetImportWorkerClient::OnTransportError - code=2 error=End of file
